[0.172s] Invoking command in '/home/mp4d/ros_camera/build/usb_cam': CMAKE_PREFIX_PATH=${CMAKE_PREFIX_PATH}:/opt/ros/foxy /usr/bin/cmake /home/mp4d/ros_camera/src/usb_cam -DCMAKE_INSTALL_PREFIX=/home/mp4d/ros_camera/install/usb_cam
[2.062s] -- The C compiler identification is GNU 9.4.0
[3.267s] -- The CXX compiler identification is GNU 9.4.0
[3.419s] -- Check for working C compiler: /usr/bin/cc
[5.093s] -- Check for working C compiler: /usr/bin/cc -- works
[5.124s] -- Detecting C compiler ABI info
[6.295s] -- Detecting C compiler ABI info - done
[6.486s] -- Detecting C compile features
[6.493s] -- Detecting C compile features - done
[6.564s] -- Check for working CXX compiler: /usr/bin/c++
[7.624s] -- Check for working CXX compiler: /usr/bin/c++ -- works
[7.666s] -- Detecting CXX compiler ABI info
[9.172s] -- Detecting CXX compiler ABI info - done
[9.294s] -- Detecting CXX compile features
[9.303s] -- Detecting CXX compile features - done
[9.344s] -- Found ament_cmake_auto: 0.9.12 (/opt/ros/foxy/share/ament_cmake_auto/cmake)
[9.974s] -- Found PythonInterp: /usr/bin/python3 (found suitable version "3.8.10", minimum required is "3") 
[9.976s] -- Using PYTHON_EXECUTABLE: /usr/bin/python3
[15.061s] -- Using all available rosidl_typesupport_c: rosidl_typesupport_fastrtps_c;rosidl_typesupport_introspection_c
[15.108s] -- Found rosidl_adapter: 1.3.1 (/opt/ros/foxy/share/rosidl_adapter/cmake)
[16.012s] -- Found OpenSSL: /usr/lib/aarch64-linux-gnu/libcrypto.so (found version "1.1.1f")  
[16.308s] -- Found FastRTPS: /opt/ros/foxy/include  
[17.080s] -- Using all available rosidl_typesupport_cpp: rosidl_typesupport_fastrtps_cpp;rosidl_typesupport_introspection_cpp
[17.709s] -- Found rmw_implementation_cmake: 1.0.4 (/opt/ros/foxy/share/rmw_implementation_cmake/cmake)
[17.745s] -- Using RMW implementation 'rmw_fastrtps_cpp' as default
[17.772s] -- Looking for pthread.h
[19.012s] -- Looking for pthread.h - found
[19.015s] -- Performing Test CMAKE_HAVE_LIBC_PTHREAD
[20.407s] -- Performing Test CMAKE_HAVE_LIBC_PTHREAD - Failed
[20.418s] -- Looking for pthread_create in pthreads
[21.529s] -- Looking for pthread_create in pthreads - not found
[21.534s] -- Looking for pthread_create in pthread
[22.942s] -- Looking for pthread_create in pthread - found
[22.965s] -- Found Threads: TRUE  
[28.616s] -- Setting yaml-cpp_DIR to: '/opt/ros/foxy/share/yaml_cpp_vendor/cmake/../../../opt/yaml_cpp_vendor/lib/cmake/yaml-cpp'
[30.216s] -- Found OpenCV: /usr (found version "4.2.0") 
[30.253s] -- Found PkgConfig: /usr/bin/pkg-config (found version "0.29.1") 
[30.273s] -- Checking for module 'libavcodec'
[30.424s] --   Found libavcodec, version 58.54.100
[30.793s] -- Checking for module 'libavutil'
[30.931s] --   Found libavutil, version 56.31.100
[31.282s] -- Checking for module 'libswscale'
[31.445s] --   Found libswscale, version 5.5.100
[32.459s] -- Found ament_lint_auto: 0.9.8 (/opt/ros/foxy/share/ament_lint_auto/cmake)
[32.704s] -- Found gtest sources under '/opt/ros/foxy/src/gtest_vendor': C++ tests using 'Google Test' will be built
[32.774s] -- Check if compiler accepts -pthread
[33.994s] -- Check if compiler accepts -pthread - yes
[34.097s] -- Added test 'copyright' to check source files copyright and LICENSE
[34.160s] -- Added test 'cppcheck' to perform static code analysis on C / C++ code
[34.164s] -- Configured cppcheck include dirs: /home/mp4d/ros_camera/src/usb_cam/include
[34.165s] -- Configured cppcheck exclude dirs and/or files: 
[34.209s] -- Added test 'cpplint' to check C / C++ code against the Google style
[34.210s] -- Configured cpplint exclude dirs and/or files: 
[34.225s] -- Added test 'flake8' to check Python code syntax and style conventions
[34.242s] -- Added test 'lint_cmake' to check CMake code style
[34.255s] -- Added test 'pep257' to check Python code against some of the style conventions in PEP 257
[34.290s] -- Added test 'uncrustify' to check C / C++ code style
[34.291s] -- Configured uncrustify additional arguments: 
[34.303s] -- Added test 'xmllint' to check XML markup files
[34.355s] -- Configuring done
[35.127s] -- Generating done
[35.169s] -- Build files have been written to: /home/mp4d/ros_camera/build/usb_cam
[35.476s] Invoked command in '/home/mp4d/ros_camera/build/usb_cam' returned '0': CMAKE_PREFIX_PATH=${CMAKE_PREFIX_PATH}:/opt/ros/foxy /usr/bin/cmake /home/mp4d/ros_camera/src/usb_cam -DCMAKE_INSTALL_PREFIX=/home/mp4d/ros_camera/install/usb_cam
[35.510s] Invoking command in '/home/mp4d/ros_camera/build/usb_cam': CMAKE_PREFIX_PATH=${CMAKE_PREFIX_PATH}:/opt/ros/foxy /usr/bin/cmake --build /home/mp4d/ros_camera/build/usb_cam -- -j4 -l4
[36.016s] [35m[1mScanning dependencies of target usb_cam_node_exe[0m
[36.542s] [  7%] [32mBuilding CXX object CMakeFiles/usb_cam_node_exe.dir/rclcpp_components/node_main_usb_cam_node_exe.cpp.o[0m
[71.092s] [ 14%] [32m[1mLinking CXX executable usb_cam_node_exe[0m
[74.379s] [ 14%] Built target usb_cam_node_exe
[74.483s] [35m[1mScanning dependencies of target gtest_main[0m
[74.790s] [ 21%] [32mBuilding CXX object gtest/CMakeFiles/gtest_main.dir/src/gtest_main.cc.o[0m
[97.301s] [ 28%] [32m[1mLinking CXX static library libgtest_main.a[0m
[97.611s] [ 28%] Built target gtest_main
[97.725s] [35m[1mScanning dependencies of target gtest[0m
[97.926s] [ 35%] [32mBuilding CXX object gtest/CMakeFiles/gtest.dir/src/gtest-all.cc.o[0m
[149.707s] [ 42%] [32m[1mLinking CXX static library libgtest.a[0m
[150.265s] [ 42%] Built target gtest
[150.395s] [35m[1mScanning dependencies of target usb_cam[0m
[150.754s] [ 50%] [32mBuilding CXX object CMakeFiles/usb_cam.dir/src/usb_cam.cpp.o[0m
[175.905s] [ 57%] [32m[1mLinking CXX shared library libusb_cam.so[0m
[179.035s] [ 57%] Built target usb_cam
[179.111s] [35m[1mScanning dependencies of target usb_cam_node[0m
[179.115s] [35m[1mScanning dependencies of target test_usb_cam_utils[0m
[179.259s] [ 64%] [32mBuilding CXX object CMakeFiles/test_usb_cam_utils.dir/test/test_usb_cam_utils.cpp.o[0m
[179.829s] [ 71%] [32mBuilding CXX object CMakeFiles/usb_cam_node.dir/src/ros2/usb_cam_node.cpp.o[0m
[215.202s] [ 78%] [32m[1mLinking CXX executable test_usb_cam_utils[0m
[218.997s] [ 78%] Built target test_usb_cam_utils
[255.974s] [ 85%] [32m[1mLinking CXX shared library libusb_cam_node.so[0m
[266.283s] [ 85%] Built target usb_cam_node
[266.369s] [35m[1mScanning dependencies of target test_pixel_formats[0m
[266.638s] [ 92%] [32mBuilding CXX object CMakeFiles/test_pixel_formats.dir/test/test_pixel_formats.cpp.o[0m
[305.553s] [100%] [32m[1mLinking CXX executable test_pixel_formats[0m
[308.431s] [100%] Built target test_pixel_formats
