[2.193s] DEBUG:colcon:Command line arguments: ['/usr/bin/colcon', 'build', '--packages-select', 'cam_sub']
[2.194s] DEBUG:colcon:Parsed command line arguments: Namespace(allow_overriding=[], ament_cmake_args=None, base_paths=['.'], build_base='build', catkin_cmake_args=None, catkin_skip_building_tests=False, cmake_args=None, cmake_clean_cache=False, cmake_clean_first=False, cmake_force_configure=False, cmake_target=None, cmake_target_skip_unavailable=False, continue_on_error=False, event_handlers=None, executor='parallel', ignore_user_meta=False, install_base='install', log_base=None, log_level=None, main=<bound method BuildVerb.main of <colcon_core.verb.build.BuildVerb object at 0xffff8fe46190>>, merge_install=False, metas=['./colcon.meta'], packages_above=None, packages_above_and_dependencies=None, packages_above_depth=None, packages_end=None, packages_ignore=None, packages_ignore_regex=None, packages_select=['cam_sub'], packages_select_build_failed=False, packages_select_by_dep=None, packages_select_regex=None, packages_select_test_failures=False, packages_skip=None, packages_skip_build_finished=False, packages_skip_by_dep=None, packages_skip_regex=None, packages_skip_test_passed=False, packages_skip_up_to=None, packages_start=None, packages_up_to=None, packages_up_to_regex=None, parallel_workers=4, paths=None, symlink_install=False, test_result_base=None, verb_extension=<colcon_core.verb.build.BuildVerb object at 0xffff8fe46190>, verb_name='build', verb_parser=<colcon_defaults.argument_parser.defaults.DefaultArgumentsDecorator object at 0xffff8fceaaf0>)
[3.547s] Level 1:colcon.colcon_core.package_discovery:discover_packages(colcon_meta) check parameters
[3.548s] Level 1:colcon.colcon_core.package_discovery:discover_packages(recursive) check parameters
[3.549s] Level 1:colcon.colcon_core.package_discovery:discover_packages(ignore) check parameters
[3.549s] Level 1:colcon.colcon_core.package_discovery:discover_packages(path) check parameters
[3.550s] Level 1:colcon.colcon_core.package_discovery:discover_packages(colcon_meta) discover
[3.550s] Level 1:colcon.colcon_core.package_discovery:discover_packages(recursive) discover
[3.551s] INFO:colcon.colcon_core.package_discovery:Crawling recursively for packages in '/home/mp4d/ros_camera'
[3.552s] Level 1:colcon.colcon_core.package_identification:_identify(.) by extensions ['ignore', 'ignore_ament_install']
[3.553s] Level 1:colcon.colcon_core.package_identification:_identify(.) by extension 'ignore'
[3.553s] Level 1:colcon.colcon_core.package_identification:_identify(.) by extension 'ignore_ament_install'
[3.554s] Level 1:colcon.colcon_core.package_identification:_identify(.) by extensions ['colcon_pkg']
[3.554s] Level 1:colcon.colcon_core.package_identification:_identify(.) by extension 'colcon_pkg'
[3.554s] Level 1:colcon.colcon_core.package_identification:_identify(.) by extensions ['colcon_meta']
[3.555s] Level 1:colcon.colcon_core.package_identification:_identify(.) by extension 'colcon_meta'
[3.555s] Level 1:colcon.colcon_core.package_identification:_identify(.) by extensions ['ros']
[3.555s] Level 1:colcon.colcon_core.package_identification:_identify(.) by extension 'ros'
[3.701s] Level 1:colcon.colcon_core.package_identification:_identify(.) by extensions ['cmake', 'python']
[3.702s] Level 1:colcon.colcon_core.package_identification:_identify(.) by extension 'cmake'
[3.703s] Level 1:colcon.colcon_core.package_identification:_identify(.) by extension 'python'
[3.704s] Level 1:colcon.colcon_core.package_identification:_identify(.) by extensions ['python_setup_py']
[3.704s] Level 1:colcon.colcon_core.package_identification:_identify(.) by extension 'python_setup_py'
[3.705s] Level 1:colcon.colcon_core.package_identification:_identify(build) by extensions ['ignore', 'ignore_ament_install']
[3.706s] Level 1:colcon.colcon_core.package_identification:_identify(build) by extension 'ignore'
[3.707s] Level 1:colcon.colcon_core.package_identification:_identify(build) ignored
[3.708s] Level 1:colcon.colcon_core.package_identification:_identify(install) by extensions ['ignore', 'ignore_ament_install']
[3.709s] Level 1:colcon.colcon_core.package_identification:_identify(install) by extension 'ignore'
[3.710s] Level 1:colcon.colcon_core.package_identification:_identify(install) ignored
[3.711s] Level 1:colcon.colcon_core.package_identification:_identify(log) by extensions ['ignore', 'ignore_ament_install']
[3.712s] Level 1:colcon.colcon_core.package_identification:_identify(log) by extension 'ignore'
[3.712s] Level 1:colcon.colcon_core.package_identification:_identify(log) ignored
[3.713s] Level 1:colcon.colcon_core.package_identification:_identify(src) by extensions ['ignore', 'ignore_ament_install']
[3.714s] Level 1:colcon.colcon_core.package_identification:_identify(src) by extension 'ignore'
[3.715s] Level 1:colcon.colcon_core.package_identification:_identify(src) by extension 'ignore_ament_install'
[3.715s] Level 1:colcon.colcon_core.package_identification:_identify(src) by extensions ['colcon_pkg']
[3.716s] Level 1:colcon.colcon_core.package_identification:_identify(src) by extension 'colcon_pkg'
[3.716s] Level 1:colcon.colcon_core.package_identification:_identify(src) by extensions ['colcon_meta']
[3.716s] Level 1:colcon.colcon_core.package_identification:_identify(src) by extension 'colcon_meta'
[3.717s] Level 1:colcon.colcon_core.package_identification:_identify(src) by extensions ['ros']
[3.717s] Level 1:colcon.colcon_core.package_identification:_identify(src) by extension 'ros'
[3.718s] Level 1:colcon.colcon_core.package_identification:_identify(src) by extensions ['cmake', 'python']
[3.718s] Level 1:colcon.colcon_core.package_identification:_identify(src) by extension 'cmake'
[3.719s] Level 1:colcon.colcon_core.package_identification:_identify(src) by extension 'python'
[3.719s] Level 1:colcon.colcon_core.package_identification:_identify(src) by extensions ['python_setup_py']
[3.719s] Level 1:colcon.colcon_core.package_identification:_identify(src) by extension 'python_setup_py'
[3.720s] Level 1:colcon.colcon_core.package_identification:_identify(src/build) by extensions ['ignore', 'ignore_ament_install']
[3.721s] Level 1:colcon.colcon_core.package_identification:_identify(src/build) by extension 'ignore'
[3.722s] Level 1:colcon.colcon_core.package_identification:_identify(src/build) ignored
[3.722s] Level 1:colcon.colcon_core.package_identification:_identify(src/cam_sub) by extensions ['ignore', 'ignore_ament_install']
[3.723s] Level 1:colcon.colcon_core.package_identification:_identify(src/cam_sub) by extension 'ignore'
[3.724s] Level 1:colcon.colcon_core.package_identification:_identify(src/cam_sub) by extension 'ignore_ament_install'
[3.724s] Level 1:colcon.colcon_core.package_identification:_identify(src/cam_sub) by extensions ['colcon_pkg']
[3.724s] Level 1:colcon.colcon_core.package_identification:_identify(src/cam_sub) by extension 'colcon_pkg'
[3.725s] Level 1:colcon.colcon_core.package_identification:_identify(src/cam_sub) by extensions ['colcon_meta']
[3.725s] Level 1:colcon.colcon_core.package_identification:_identify(src/cam_sub) by extension 'colcon_meta'
[3.725s] Level 1:colcon.colcon_core.package_identification:_identify(src/cam_sub) by extensions ['ros']
[3.726s] Level 1:colcon.colcon_core.package_identification:_identify(src/cam_sub) by extension 'ros'
[3.751s] DEBUG:colcon.colcon_core.package_identification:Package 'src/cam_sub' with type 'ros.ament_cmake' and name 'cam_sub'
[3.753s] Level 1:colcon.colcon_core.package_identification:_identify(src/usb_cam) by extensions ['ignore', 'ignore_ament_install']
[3.754s] Level 1:colcon.colcon_core.package_identification:_identify(src/usb_cam) by extension 'ignore'
[3.754s] Level 1:colcon.colcon_core.package_identification:_identify(src/usb_cam) by extension 'ignore_ament_install'
[3.755s] Level 1:colcon.colcon_core.package_identification:_identify(src/usb_cam) by extensions ['colcon_pkg']
[3.755s] Level 1:colcon.colcon_core.package_identification:_identify(src/usb_cam) by extension 'colcon_pkg'
[3.755s] Level 1:colcon.colcon_core.package_identification:_identify(src/usb_cam) by extensions ['colcon_meta']
[3.755s] Level 1:colcon.colcon_core.package_identification:_identify(src/usb_cam) by extension 'colcon_meta'
[3.756s] Level 1:colcon.colcon_core.package_identification:_identify(src/usb_cam) by extensions ['ros']
[3.756s] Level 1:colcon.colcon_core.package_identification:_identify(src/usb_cam) by extension 'ros'
[3.836s] DEBUG:colcon.colcon_core.package_identification:Package 'src/usb_cam' with type 'ros.ament_cmake' and name 'usb_cam'
[3.837s] Level 1:colcon.colcon_core.package_discovery:discover_packages(recursive) using defaults
[3.838s] Level 1:colcon.colcon_core.package_discovery:discover_packages(ignore) discover
[3.838s] Level 1:colcon.colcon_core.package_discovery:discover_packages(ignore) using defaults
[3.838s] Level 1:colcon.colcon_core.package_discovery:discover_packages(path) discover
[3.838s] Level 1:colcon.colcon_core.package_discovery:discover_packages(path) using defaults
[4.009s] INFO:colcon.colcon_core.package_selection:Skipping not selected package 'usb_cam' in 'src/usb_cam'
[4.017s] Level 1:colcon.colcon_core.package_discovery:discover_packages(prefix_path) check parameters
[4.018s] Level 1:colcon.colcon_core.package_discovery:discover_packages(prefix_path) discover
[4.034s] DEBUG:colcon.colcon_installed_package_information.package_discovery:Found 1 installed packages in /home/mp4d/ros_camera/install
[4.045s] DEBUG:colcon.colcon_installed_package_information.package_discovery:Found 258 installed packages in /opt/ros/foxy
[4.061s] Level 1:colcon.colcon_core.package_discovery:discover_packages(prefix_path) using defaults
[4.914s] Level 5:colcon.colcon_core.verb:set package 'cam_sub' build argument 'cmake_args' from command line to 'None'
[4.915s] Level 5:colcon.colcon_core.verb:set package 'cam_sub' build argument 'cmake_target' from command line to 'None'
[4.915s] Level 5:colcon.colcon_core.verb:set package 'cam_sub' build argument 'cmake_target_skip_unavailable' from command line to 'False'
[4.915s] Level 5:colcon.colcon_core.verb:set package 'cam_sub' build argument 'cmake_clean_cache' from command line to 'False'
[4.915s] Level 5:colcon.colcon_core.verb:set package 'cam_sub' build argument 'cmake_clean_first' from command line to 'False'
[4.915s] Level 5:colcon.colcon_core.verb:set package 'cam_sub' build argument 'cmake_force_configure' from command line to 'False'
[4.916s] Level 5:colcon.colcon_core.verb:set package 'cam_sub' build argument 'ament_cmake_args' from command line to 'None'
[4.916s] Level 5:colcon.colcon_core.verb:set package 'cam_sub' build argument 'catkin_cmake_args' from command line to 'None'
[4.916s] Level 5:colcon.colcon_core.verb:set package 'cam_sub' build argument 'catkin_skip_building_tests' from command line to 'False'
[4.916s] DEBUG:colcon.colcon_core.verb:Building package 'cam_sub' with the following arguments: {'ament_cmake_args': None, 'build_base': '/home/mp4d/ros_camera/build/cam_sub', 'catkin_cmake_args': None, 'catkin_skip_building_tests': False, 'cmake_args': None, 'cmake_clean_cache': False, 'cmake_clean_first': False, 'cmake_force_configure': False, 'cmake_target': None, 'cmake_target_skip_unavailable': False, 'install_base': '/home/mp4d/ros_camera/install/cam_sub', 'merge_install': False, 'path': '/home/mp4d/ros_camera/src/cam_sub', 'symlink_install': False, 'test_result_base': None}
[4.918s] INFO:colcon.colcon_core.executor:Executing jobs using 'parallel' executor
[4.926s] DEBUG:colcon.colcon_parallel_executor.executor.parallel:run_until_complete
[4.928s] INFO:colcon.colcon_ros.task.ament_cmake.build:Building ROS package in '/home/mp4d/ros_camera/src/cam_sub' with build type 'ament_cmake'
[4.930s] INFO:colcon.colcon_cmake.task.cmake.build:Building CMake package in '/home/mp4d/ros_camera/src/cam_sub'
[4.955s] INFO:colcon.colcon_core.plugin_system:Skipping extension 'colcon_core.shell.bat': Not used on non-Windows systems
[4.957s] INFO:colcon.colcon_core.shell:Skip shell extension 'powershell' for command environment: Not usable outside of PowerShell
[4.958s] DEBUG:colcon.colcon_core.shell:Skip shell extension 'dsv' for command environment
[5.037s] DEBUG:colcon.colcon_core.event_handler.log_command:Invoking command in '/home/mp4d/ros_camera/build/cam_sub': CMAKE_PREFIX_PATH=/opt/ros/foxy /usr/bin/cmake --build /home/mp4d/ros_camera/build/cam_sub -- -j4 -l4
[75.138s] DEBUG:colcon.colcon_core.event_handler.log_command:Invoked command in '/home/mp4d/ros_camera/build/cam_sub' returned '2': CMAKE_PREFIX_PATH=/opt/ros/foxy /usr/bin/cmake --build /home/mp4d/ros_camera/build/cam_sub -- -j4 -l4
[75.263s] Level 1:colcon.colcon_core.environment:create_environment_scripts_only(cam_sub)
[75.279s] Level 1:colcon.colcon_core.environment:checking '/home/mp4d/ros_camera/install/cam_sub' for CMake module files
[75.284s] Level 1:colcon.colcon_core.environment:checking '/home/mp4d/ros_camera/install/cam_sub' for CMake config files
[75.288s] Level 1:colcon.colcon_core.environment:checking '/home/mp4d/ros_camera/install/cam_sub/bin'
[75.290s] Level 1:colcon.colcon_core.environment:checking '/home/mp4d/ros_camera/install/cam_sub/lib/pkgconfig/cam_sub.pc'
[75.292s] Level 1:colcon.colcon_core.environment:checking '/home/mp4d/ros_camera/install/cam_sub/lib/python3.8/site-packages'
[75.295s] Level 1:colcon.colcon_core.environment:checking '/home/mp4d/ros_camera/install/cam_sub/bin'
[75.298s] INFO:colcon.colcon_core.shell:Creating package script '/home/mp4d/ros_camera/install/cam_sub/share/cam_sub/package.ps1'
[75.307s] INFO:colcon.colcon_core.shell:Creating package descriptor '/home/mp4d/ros_camera/install/cam_sub/share/cam_sub/package.dsv'
[75.313s] INFO:colcon.colcon_core.shell:Creating package script '/home/mp4d/ros_camera/install/cam_sub/share/cam_sub/package.sh'
[75.330s] INFO:colcon.colcon_core.shell:Creating package script '/home/mp4d/ros_camera/install/cam_sub/share/cam_sub/package.bash'
[75.339s] INFO:colcon.colcon_core.shell:Creating package script '/home/mp4d/ros_camera/install/cam_sub/share/cam_sub/package.zsh'
[75.347s] Level 1:colcon.colcon_core.environment:create_file_with_runtime_dependencies(/home/mp4d/ros_camera/install/cam_sub/share/colcon-core/packages/cam_sub)
[75.353s] DEBUG:colcon.colcon_parallel_executor.executor.parallel:closing loop
[75.355s] DEBUG:colcon.colcon_parallel_executor.executor.parallel:loop closed
[75.357s] DEBUG:colcon.colcon_parallel_executor.executor.parallel:run_until_complete finished with '2'
[75.358s] DEBUG:colcon.colcon_core.event_reactor:joining thread
[75.408s] INFO:colcon.colcon_core.plugin_system:Skipping extension 'colcon_notification.desktop_notification.notify_send': Could not find 'notify-send'
[75.409s] INFO:colcon.colcon_core.plugin_system:Skipping extension 'colcon_notification.desktop_notification.terminal_notifier': Not used on non-Darwin systems
[75.409s] INFO:colcon.colcon_core.plugin_system:Skipping extension 'colcon_notification.desktop_notification.win32': Not used on non-Windows systems
[75.410s] INFO:colcon.colcon_notification.desktop_notification:Sending desktop notification using 'notify2'
[75.414s] DEBUG:colcon.colcon_notification.desktop_notification.notify2:Failed to initialize notify2: org.freedesktop.DBus.Error.ServiceUnknown: The name org.freedesktop.Notifications was not provided by any .service files
[75.415s] DEBUG:colcon.colcon_core.event_reactor:joined thread
[75.417s] INFO:colcon.colcon_core.shell:Creating prefix script '/home/mp4d/ros_camera/install/local_setup.ps1'
[75.425s] INFO:colcon.colcon_core.shell:Creating prefix util module '/home/mp4d/ros_camera/install/_local_setup_util_ps1.py'
[75.439s] INFO:colcon.colcon_core.shell:Creating prefix chain script '/home/mp4d/ros_camera/install/setup.ps1'
[75.447s] INFO:colcon.colcon_core.shell:Creating prefix script '/home/mp4d/ros_camera/install/local_setup.sh'
[75.453s] INFO:colcon.colcon_core.shell:Creating prefix util module '/home/mp4d/ros_camera/install/_local_setup_util_sh.py'
[75.458s] INFO:colcon.colcon_core.shell:Creating prefix chain script '/home/mp4d/ros_camera/install/setup.sh'
[75.467s] INFO:colcon.colcon_core.shell:Creating prefix script '/home/mp4d/ros_camera/install/local_setup.bash'
[75.471s] INFO:colcon.colcon_core.shell:Creating prefix chain script '/home/mp4d/ros_camera/install/setup.bash'
[75.481s] INFO:colcon.colcon_core.shell:Creating prefix script '/home/mp4d/ros_camera/install/local_setup.zsh'
[75.488s] INFO:colcon.colcon_core.shell:Creating prefix chain script '/home/mp4d/ros_camera/install/setup.zsh'
