[1.725s] DEBUG:colcon:Command line arguments: ['/usr/bin/colcon', 'build']
[1.726s] DEBUG:colcon:Parsed command line arguments: Namespace(allow_overriding=[], ament_cmake_args=None, base_paths=['.'], build_base='build', catkin_cmake_args=None, catkin_skip_building_tests=False, cmake_args=None, cmake_clean_cache=False, cmake_clean_first=False, cmake_force_configure=False, cmake_target=None, cmake_target_skip_unavailable=False, continue_on_error=False, event_handlers=None, executor='parallel', ignore_user_meta=False, install_base='install', log_base=None, log_level=None, main=<bound method BuildVerb.main of <colcon_core.verb.build.BuildVerb object at 0xffffa35fd190>>, merge_install=False, metas=['./colcon.meta'], packages_above=None, packages_above_and_dependencies=None, packages_above_depth=None, packages_end=None, packages_ignore=None, packages_ignore_regex=None, packages_select=None, packages_select_build_failed=False, packages_select_by_dep=None, packages_select_regex=None, packages_select_test_failures=False, packages_skip=None, packages_skip_build_finished=False, packages_skip_by_dep=None, packages_skip_regex=None, packages_skip_test_passed=False, packages_skip_up_to=None, packages_start=None, packages_up_to=None, packages_up_to_regex=None, parallel_workers=4, paths=None, symlink_install=False, test_result_base=None, verb_extension=<colcon_core.verb.build.BuildVerb object at 0xffffa35fd190>, verb_name='build', verb_parser=<colcon_defaults.argument_parser.defaults.DefaultArgumentsDecorator object at 0xffffa34a1af0>)
[3.177s] Level 1:colcon.colcon_core.package_discovery:discover_packages(colcon_meta) check parameters
[3.180s] Level 1:colcon.colcon_core.package_discovery:discover_packages(recursive) check parameters
[3.182s] Level 1:colcon.colcon_core.package_discovery:discover_packages(ignore) check parameters
[3.183s] Level 1:colcon.colcon_core.package_discovery:discover_packages(path) check parameters
[3.184s] Level 1:colcon.colcon_core.package_discovery:discover_packages(colcon_meta) discover
[3.185s] Level 1:colcon.colcon_core.package_discovery:discover_packages(recursive) discover
[3.186s] INFO:colcon.colcon_core.package_discovery:Crawling recursively for packages in '/home/mp4d/ros_camera'
[3.188s] Level 1:colcon.colcon_core.package_identification:_identify(.) by extensions ['ignore', 'ignore_ament_install']
[3.189s] Level 1:colcon.colcon_core.package_identification:_identify(.) by extension 'ignore'
[3.191s] Level 1:colcon.colcon_core.package_identification:_identify(.) by extension 'ignore_ament_install'
[3.192s] Level 1:colcon.colcon_core.package_identification:_identify(.) by extensions ['colcon_pkg']
[3.193s] Level 1:colcon.colcon_core.package_identification:_identify(.) by extension 'colcon_pkg'
[3.195s] Level 1:colcon.colcon_core.package_identification:_identify(.) by extensions ['colcon_meta']
[3.196s] Level 1:colcon.colcon_core.package_identification:_identify(.) by extension 'colcon_meta'
[3.197s] Level 1:colcon.colcon_core.package_identification:_identify(.) by extensions ['ros']
[3.198s] Level 1:colcon.colcon_core.package_identification:_identify(.) by extension 'ros'
[3.335s] Level 1:colcon.colcon_core.package_identification:_identify(.) by extensions ['cmake', 'python']
[3.337s] Level 1:colcon.colcon_core.package_identification:_identify(.) by extension 'cmake'
[3.338s] Level 1:colcon.colcon_core.package_identification:_identify(.) by extension 'python'
[3.338s] Level 1:colcon.colcon_core.package_identification:_identify(.) by extensions ['python_setup_py']
[3.339s] Level 1:colcon.colcon_core.package_identification:_identify(.) by extension 'python_setup_py'
[3.340s] Level 1:colcon.colcon_core.package_identification:_identify(build) by extensions ['ignore', 'ignore_ament_install']
[3.341s] Level 1:colcon.colcon_core.package_identification:_identify(build) by extension 'ignore'
[3.342s] Level 1:colcon.colcon_core.package_identification:_identify(build) ignored
[3.343s] Level 1:colcon.colcon_core.package_identification:_identify(install) by extensions ['ignore', 'ignore_ament_install']
[3.344s] Level 1:colcon.colcon_core.package_identification:_identify(install) by extension 'ignore'
[3.344s] Level 1:colcon.colcon_core.package_identification:_identify(install) ignored
[3.345s] Level 1:colcon.colcon_core.package_identification:_identify(log) by extensions ['ignore', 'ignore_ament_install']
[3.345s] Level 1:colcon.colcon_core.package_identification:_identify(log) by extension 'ignore'
[3.345s] Level 1:colcon.colcon_core.package_identification:_identify(log) ignored
[3.346s] Level 1:colcon.colcon_core.package_identification:_identify(src) by extensions ['ignore', 'ignore_ament_install']
[3.346s] Level 1:colcon.colcon_core.package_identification:_identify(src) by extension 'ignore'
[3.347s] Level 1:colcon.colcon_core.package_identification:_identify(src) by extension 'ignore_ament_install'
[3.347s] Level 1:colcon.colcon_core.package_identification:_identify(src) by extensions ['colcon_pkg']
[3.347s] Level 1:colcon.colcon_core.package_identification:_identify(src) by extension 'colcon_pkg'
[3.348s] Level 1:colcon.colcon_core.package_identification:_identify(src) by extensions ['colcon_meta']
[3.348s] Level 1:colcon.colcon_core.package_identification:_identify(src) by extension 'colcon_meta'
[3.348s] Level 1:colcon.colcon_core.package_identification:_identify(src) by extensions ['ros']
[3.349s] Level 1:colcon.colcon_core.package_identification:_identify(src) by extension 'ros'
[3.349s] Level 1:colcon.colcon_core.package_identification:_identify(src) by extensions ['cmake', 'python']
[3.349s] Level 1:colcon.colcon_core.package_identification:_identify(src) by extension 'cmake'
[3.350s] Level 1:colcon.colcon_core.package_identification:_identify(src) by extension 'python'
[3.350s] Level 1:colcon.colcon_core.package_identification:_identify(src) by extensions ['python_setup_py']
[3.350s] Level 1:colcon.colcon_core.package_identification:_identify(src) by extension 'python_setup_py'
[3.351s] Level 1:colcon.colcon_core.package_identification:_identify(src/build) by extensions ['ignore', 'ignore_ament_install']
[3.352s] Level 1:colcon.colcon_core.package_identification:_identify(src/build) by extension 'ignore'
[3.352s] Level 1:colcon.colcon_core.package_identification:_identify(src/build) ignored
[3.352s] Level 1:colcon.colcon_core.package_identification:_identify(src/cam_sub) by extensions ['ignore', 'ignore_ament_install']
[3.353s] Level 1:colcon.colcon_core.package_identification:_identify(src/cam_sub) by extension 'ignore'
[3.353s] Level 1:colcon.colcon_core.package_identification:_identify(src/cam_sub) by extension 'ignore_ament_install'
[3.354s] Level 1:colcon.colcon_core.package_identification:_identify(src/cam_sub) by extensions ['colcon_pkg']
[3.354s] Level 1:colcon.colcon_core.package_identification:_identify(src/cam_sub) by extension 'colcon_pkg'
[3.354s] Level 1:colcon.colcon_core.package_identification:_identify(src/cam_sub) by extensions ['colcon_meta']
[3.354s] Level 1:colcon.colcon_core.package_identification:_identify(src/cam_sub) by extension 'colcon_meta'
[3.355s] Level 1:colcon.colcon_core.package_identification:_identify(src/cam_sub) by extensions ['ros']
[3.355s] Level 1:colcon.colcon_core.package_identification:_identify(src/cam_sub) by extension 'ros'
[3.385s] DEBUG:colcon.colcon_core.package_identification:Package 'src/cam_sub' with type 'ros.ament_cmake' and name 'cam_sub'
[3.387s] Level 1:colcon.colcon_core.package_identification:_identify(src/usb_cam) by extensions ['ignore', 'ignore_ament_install']
[3.387s] Level 1:colcon.colcon_core.package_identification:_identify(src/usb_cam) by extension 'ignore'
[3.388s] Level 1:colcon.colcon_core.package_identification:_identify(src/usb_cam) by extension 'ignore_ament_install'
[3.388s] Level 1:colcon.colcon_core.package_identification:_identify(src/usb_cam) by extensions ['colcon_pkg']
[3.389s] Level 1:colcon.colcon_core.package_identification:_identify(src/usb_cam) by extension 'colcon_pkg'
[3.389s] Level 1:colcon.colcon_core.package_identification:_identify(src/usb_cam) by extensions ['colcon_meta']
[3.389s] Level 1:colcon.colcon_core.package_identification:_identify(src/usb_cam) by extension 'colcon_meta'
[3.390s] Level 1:colcon.colcon_core.package_identification:_identify(src/usb_cam) by extensions ['ros']
[3.390s] Level 1:colcon.colcon_core.package_identification:_identify(src/usb_cam) by extension 'ros'
[3.470s] DEBUG:colcon.colcon_core.package_identification:Package 'src/usb_cam' with type 'ros.ament_cmake' and name 'usb_cam'
[3.470s] Level 1:colcon.colcon_core.package_discovery:discover_packages(recursive) using defaults
[3.471s] Level 1:colcon.colcon_core.package_discovery:discover_packages(ignore) discover
[3.471s] Level 1:colcon.colcon_core.package_discovery:discover_packages(ignore) using defaults
[3.472s] Level 1:colcon.colcon_core.package_discovery:discover_packages(path) discover
[3.472s] Level 1:colcon.colcon_core.package_discovery:discover_packages(path) using defaults
[3.645s] Level 1:colcon.colcon_core.package_discovery:discover_packages(prefix_path) check parameters
[3.645s] Level 1:colcon.colcon_core.package_discovery:discover_packages(prefix_path) discover
[3.663s] DEBUG:colcon.colcon_installed_package_information.package_discovery:Found 1 installed packages in /home/mp4d/ros_camera/install
[3.673s] DEBUG:colcon.colcon_installed_package_information.package_discovery:Found 258 installed packages in /opt/ros/foxy
[3.689s] Level 1:colcon.colcon_core.package_discovery:discover_packages(prefix_path) using defaults
[4.420s] Level 5:colcon.colcon_core.verb:set package 'cam_sub' build argument 'cmake_args' from command line to 'None'
[4.421s] Level 5:colcon.colcon_core.verb:set package 'cam_sub' build argument 'cmake_target' from command line to 'None'
[4.422s] Level 5:colcon.colcon_core.verb:set package 'cam_sub' build argument 'cmake_target_skip_unavailable' from command line to 'False'
[4.422s] Level 5:colcon.colcon_core.verb:set package 'cam_sub' build argument 'cmake_clean_cache' from command line to 'False'
[4.422s] Level 5:colcon.colcon_core.verb:set package 'cam_sub' build argument 'cmake_clean_first' from command line to 'False'
[4.422s] Level 5:colcon.colcon_core.verb:set package 'cam_sub' build argument 'cmake_force_configure' from command line to 'False'
[4.422s] Level 5:colcon.colcon_core.verb:set package 'cam_sub' build argument 'ament_cmake_args' from command line to 'None'
[4.423s] Level 5:colcon.colcon_core.verb:set package 'cam_sub' build argument 'catkin_cmake_args' from command line to 'None'
[4.423s] Level 5:colcon.colcon_core.verb:set package 'cam_sub' build argument 'catkin_skip_building_tests' from command line to 'False'
[4.423s] DEBUG:colcon.colcon_core.verb:Building package 'cam_sub' with the following arguments: {'ament_cmake_args': None, 'build_base': '/home/mp4d/ros_camera/build/cam_sub', 'catkin_cmake_args': None, 'catkin_skip_building_tests': False, 'cmake_args': None, 'cmake_clean_cache': False, 'cmake_clean_first': False, 'cmake_force_configure': False, 'cmake_target': None, 'cmake_target_skip_unavailable': False, 'install_base': '/home/mp4d/ros_camera/install/cam_sub', 'merge_install': False, 'path': '/home/mp4d/ros_camera/src/cam_sub', 'symlink_install': False, 'test_result_base': None}
[4.428s] Level 5:colcon.colcon_core.verb:set package 'usb_cam' build argument 'cmake_args' from command line to 'None'
[4.428s] Level 5:colcon.colcon_core.verb:set package 'usb_cam' build argument 'cmake_target' from command line to 'None'
[4.429s] Level 5:colcon.colcon_core.verb:set package 'usb_cam' build argument 'cmake_target_skip_unavailable' from command line to 'False'
[4.429s] Level 5:colcon.colcon_core.verb:set package 'usb_cam' build argument 'cmake_clean_cache' from command line to 'False'
[4.429s] Level 5:colcon.colcon_core.verb:set package 'usb_cam' build argument 'cmake_clean_first' from command line to 'False'
[4.429s] Level 5:colcon.colcon_core.verb:set package 'usb_cam' build argument 'cmake_force_configure' from command line to 'False'
[4.429s] Level 5:colcon.colcon_core.verb:set package 'usb_cam' build argument 'ament_cmake_args' from command line to 'None'
[4.430s] Level 5:colcon.colcon_core.verb:set package 'usb_cam' build argument 'catkin_cmake_args' from command line to 'None'
[4.430s] Level 5:colcon.colcon_core.verb:set package 'usb_cam' build argument 'catkin_skip_building_tests' from command line to 'False'
[4.430s] DEBUG:colcon.colcon_core.verb:Building package 'usb_cam' with the following arguments: {'ament_cmake_args': None, 'build_base': '/home/mp4d/ros_camera/build/usb_cam', 'catkin_cmake_args': None, 'catkin_skip_building_tests': False, 'cmake_args': None, 'cmake_clean_cache': False, 'cmake_clean_first': False, 'cmake_force_configure': False, 'cmake_target': None, 'cmake_target_skip_unavailable': False, 'install_base': '/home/mp4d/ros_camera/install/usb_cam', 'merge_install': False, 'path': '/home/mp4d/ros_camera/src/usb_cam', 'symlink_install': False, 'test_result_base': None}
[4.432s] INFO:colcon.colcon_core.executor:Executing jobs using 'parallel' executor
[4.441s] DEBUG:colcon.colcon_parallel_executor.executor.parallel:run_until_complete
[4.444s] INFO:colcon.colcon_ros.task.ament_cmake.build:Building ROS package in '/home/mp4d/ros_camera/src/cam_sub' with build type 'ament_cmake'
[4.446s] INFO:colcon.colcon_cmake.task.cmake.build:Building CMake package in '/home/mp4d/ros_camera/src/cam_sub'
[4.478s] INFO:colcon.colcon_core.plugin_system:Skipping extension 'colcon_core.shell.bat': Not used on non-Windows systems
[4.481s] INFO:colcon.colcon_core.shell:Skip shell extension 'powershell' for command environment: Not usable outside of PowerShell
[4.482s] DEBUG:colcon.colcon_core.shell:Skip shell extension 'dsv' for command environment
[4.528s] INFO:colcon.colcon_ros.task.ament_cmake.build:Building ROS package in '/home/mp4d/ros_camera/src/usb_cam' with build type 'ament_cmake'
[4.531s] INFO:colcon.colcon_cmake.task.cmake.build:Building CMake package in '/home/mp4d/ros_camera/src/usb_cam'
[4.535s] INFO:colcon.colcon_core.shell:Skip shell extension 'powershell' for command environment: Not usable outside of PowerShell
[4.539s] DEBUG:colcon.colcon_core.shell:Skip shell extension 'dsv' for command environment
[4.626s] DEBUG:colcon.colcon_core.event_handler.log_command:Invoking command in '/home/mp4d/ros_camera/build/cam_sub': CMAKE_PREFIX_PATH=${CMAKE_PREFIX_PATH}:/opt/ros/foxy /usr/bin/cmake --build /home/mp4d/ros_camera/build/cam_sub -- -j4 -l4
[4.703s] DEBUG:colcon.colcon_core.event_handler.log_command:Invoking command in '/home/mp4d/ros_camera/build/usb_cam': CMAKE_PREFIX_PATH=${CMAKE_PREFIX_PATH}:/opt/ros/foxy /usr/bin/cmake --build /home/mp4d/ros_camera/build/usb_cam -- -j4 -l4
[5.771s] DEBUG:colcon.colcon_core.event_handler.log_command:Invoked command in '/home/mp4d/ros_camera/build/cam_sub' returned '0': CMAKE_PREFIX_PATH=${CMAKE_PREFIX_PATH}:/opt/ros/foxy /usr/bin/cmake --build /home/mp4d/ros_camera/build/cam_sub -- -j4 -l4
[6.386s] DEBUG:colcon.colcon_core.event_handler.log_command:Invoking command in '/home/mp4d/ros_camera/build/cam_sub': CMAKE_PREFIX_PATH=${CMAKE_PREFIX_PATH}:/opt/ros/foxy /usr/bin/cmake --install /home/mp4d/ros_camera/build/cam_sub
[6.446s] DEBUG:colcon.colcon_core.event_handler.log_command:Invoked command in '/home/mp4d/ros_camera/build/usb_cam' returned '0': CMAKE_PREFIX_PATH=${CMAKE_PREFIX_PATH}:/opt/ros/foxy /usr/bin/cmake --build /home/mp4d/ros_camera/build/usb_cam -- -j4 -l4
[6.538s] Level 1:colcon.colcon_core.environment:create_environment_scripts_only(cam_sub)
[6.546s] DEBUG:colcon.colcon_core.event_handler.log_command:Invoked command in '/home/mp4d/ros_camera/build/cam_sub' returned '0': CMAKE_PREFIX_PATH=${CMAKE_PREFIX_PATH}:/opt/ros/foxy /usr/bin/cmake --install /home/mp4d/ros_camera/build/cam_sub
[6.587s] Level 1:colcon.colcon_core.environment:checking '/home/mp4d/ros_camera/install/cam_sub' for CMake module files
[6.592s] Level 1:colcon.colcon_core.environment:checking '/home/mp4d/ros_camera/install/cam_sub' for CMake config files
[6.595s] Level 1:colcon.colcon_core.shell:create_environment_hook('cam_sub', 'cmake_prefix_path')
[6.599s] INFO:colcon.colcon_core.shell:Creating environment hook '/home/mp4d/ros_camera/install/cam_sub/share/cam_sub/hook/cmake_prefix_path.ps1'
[6.607s] INFO:colcon.colcon_core.shell:Creating environment descriptor '/home/mp4d/ros_camera/install/cam_sub/share/cam_sub/hook/cmake_prefix_path.dsv'
[6.615s] INFO:colcon.colcon_core.shell:Creating environment hook '/home/mp4d/ros_camera/install/cam_sub/share/cam_sub/hook/cmake_prefix_path.sh'
[6.626s] Level 1:colcon.colcon_core.environment:checking '/home/mp4d/ros_camera/install/cam_sub/lib'
[6.628s] Level 1:colcon.colcon_core.environment:checking '/home/mp4d/ros_camera/install/cam_sub/bin'
[6.629s] Level 1:colcon.colcon_core.environment:checking '/home/mp4d/ros_camera/install/cam_sub/lib/pkgconfig/cam_sub.pc'
[6.631s] Level 1:colcon.colcon_core.environment:checking '/home/mp4d/ros_camera/install/cam_sub/lib/python3.8/site-packages'
[6.634s] Level 1:colcon.colcon_core.environment:checking '/home/mp4d/ros_camera/install/cam_sub/bin'
[6.638s] INFO:colcon.colcon_core.shell:Creating package script '/home/mp4d/ros_camera/install/cam_sub/share/cam_sub/package.ps1'
[6.647s] INFO:colcon.colcon_core.shell:Creating package descriptor '/home/mp4d/ros_camera/install/cam_sub/share/cam_sub/package.dsv'
[6.656s] INFO:colcon.colcon_core.shell:Creating package script '/home/mp4d/ros_camera/install/cam_sub/share/cam_sub/package.sh'
[6.670s] INFO:colcon.colcon_core.shell:Creating package script '/home/mp4d/ros_camera/install/cam_sub/share/cam_sub/package.bash'
[6.679s] INFO:colcon.colcon_core.shell:Creating package script '/home/mp4d/ros_camera/install/cam_sub/share/cam_sub/package.zsh'
[6.688s] Level 1:colcon.colcon_core.environment:create_file_with_runtime_dependencies(/home/mp4d/ros_camera/install/cam_sub/share/colcon-core/packages/cam_sub)
[6.747s] DEBUG:colcon.colcon_core.event_handler.log_command:Invoking command in '/home/mp4d/ros_camera/build/usb_cam': CMAKE_PREFIX_PATH=${CMAKE_PREFIX_PATH}:/opt/ros/foxy /usr/bin/cmake --install /home/mp4d/ros_camera/build/usb_cam
[6.876s] Level 1:colcon.colcon_core.environment:create_environment_scripts_only(cam_sub)
[6.878s] Level 1:colcon.colcon_core.environment:checking '/home/mp4d/ros_camera/install/cam_sub' for CMake module files
[6.883s] Level 1:colcon.colcon_core.environment:checking '/home/mp4d/ros_camera/install/cam_sub' for CMake config files
[6.884s] Level 1:colcon.colcon_core.shell:create_environment_hook('cam_sub', 'cmake_prefix_path')
[6.887s] INFO:colcon.colcon_core.shell:Creating environment hook '/home/mp4d/ros_camera/install/cam_sub/share/cam_sub/hook/cmake_prefix_path.ps1'
[6.893s] INFO:colcon.colcon_core.shell:Creating environment descriptor '/home/mp4d/ros_camera/install/cam_sub/share/cam_sub/hook/cmake_prefix_path.dsv'
[6.901s] INFO:colcon.colcon_core.shell:Creating environment hook '/home/mp4d/ros_camera/install/cam_sub/share/cam_sub/hook/cmake_prefix_path.sh'
[6.908s] Level 1:colcon.colcon_core.environment:checking '/home/mp4d/ros_camera/install/cam_sub/lib'
[6.911s] Level 1:colcon.colcon_core.environment:checking '/home/mp4d/ros_camera/install/cam_sub/bin'
[6.912s] Level 1:colcon.colcon_core.environment:checking '/home/mp4d/ros_camera/install/cam_sub/lib/pkgconfig/cam_sub.pc'
[6.914s] Level 1:colcon.colcon_core.environment:checking '/home/mp4d/ros_camera/install/cam_sub/lib/python3.8/site-packages'
[6.915s] Level 1:colcon.colcon_core.environment:checking '/home/mp4d/ros_camera/install/cam_sub/bin'
[6.918s] INFO:colcon.colcon_core.shell:Creating package script '/home/mp4d/ros_camera/install/cam_sub/share/cam_sub/package.ps1'
[6.923s] INFO:colcon.colcon_core.shell:Creating package descriptor '/home/mp4d/ros_camera/install/cam_sub/share/cam_sub/package.dsv'
[6.929s] INFO:colcon.colcon_core.shell:Creating package script '/home/mp4d/ros_camera/install/cam_sub/share/cam_sub/package.sh'
[6.936s] INFO:colcon.colcon_core.shell:Creating package script '/home/mp4d/ros_camera/install/cam_sub/share/cam_sub/package.bash'
[6.942s] INFO:colcon.colcon_core.shell:Creating package script '/home/mp4d/ros_camera/install/cam_sub/share/cam_sub/package.zsh'
[6.949s] Level 1:colcon.colcon_core.environment:create_file_with_runtime_dependencies(/home/mp4d/ros_camera/install/cam_sub/share/colcon-core/packages/cam_sub)
[7.222s] Level 1:colcon.colcon_core.environment:create_environment_scripts_only(usb_cam)
[7.226s] Level 1:colcon.colcon_core.environment:checking '/home/mp4d/ros_camera/install/usb_cam' for CMake module files
[7.232s] DEBUG:colcon.colcon_core.event_handler.log_command:Invoked command in '/home/mp4d/ros_camera/build/usb_cam' returned '0': CMAKE_PREFIX_PATH=${CMAKE_PREFIX_PATH}:/opt/ros/foxy /usr/bin/cmake --install /home/mp4d/ros_camera/build/usb_cam
[7.236s] Level 1:colcon.colcon_core.environment:checking '/home/mp4d/ros_camera/install/usb_cam' for CMake config files
[7.239s] Level 1:colcon.colcon_core.shell:create_environment_hook('usb_cam', 'cmake_prefix_path')
[7.242s] INFO:colcon.colcon_core.shell:Creating environment hook '/home/mp4d/ros_camera/install/usb_cam/share/usb_cam/hook/cmake_prefix_path.ps1'
[7.249s] INFO:colcon.colcon_core.shell:Creating environment descriptor '/home/mp4d/ros_camera/install/usb_cam/share/usb_cam/hook/cmake_prefix_path.dsv'
[7.255s] INFO:colcon.colcon_core.shell:Creating environment hook '/home/mp4d/ros_camera/install/usb_cam/share/usb_cam/hook/cmake_prefix_path.sh'
[7.263s] Level 1:colcon.colcon_core.environment:checking '/home/mp4d/ros_camera/install/usb_cam/lib'
[7.266s] Level 1:colcon.colcon_core.shell:create_environment_hook('usb_cam', 'ld_library_path_lib')
[7.270s] INFO:colcon.colcon_core.shell:Creating environment hook '/home/mp4d/ros_camera/install/usb_cam/share/usb_cam/hook/ld_library_path_lib.ps1'
[7.276s] INFO:colcon.colcon_core.shell:Creating environment descriptor '/home/mp4d/ros_camera/install/usb_cam/share/usb_cam/hook/ld_library_path_lib.dsv'
[7.282s] INFO:colcon.colcon_core.shell:Creating environment hook '/home/mp4d/ros_camera/install/usb_cam/share/usb_cam/hook/ld_library_path_lib.sh'
[7.288s] Level 1:colcon.colcon_core.environment:checking '/home/mp4d/ros_camera/install/usb_cam/bin'
[7.290s] Level 1:colcon.colcon_core.environment:checking '/home/mp4d/ros_camera/install/usb_cam/lib/pkgconfig/usb_cam.pc'
[7.293s] Level 1:colcon.colcon_core.environment:checking '/home/mp4d/ros_camera/install/usb_cam/lib/python3.8/site-packages'
[7.296s] Level 1:colcon.colcon_core.environment:checking '/home/mp4d/ros_camera/install/usb_cam/bin'
[7.302s] INFO:colcon.colcon_core.shell:Creating package script '/home/mp4d/ros_camera/install/usb_cam/share/usb_cam/package.ps1'
[7.309s] INFO:colcon.colcon_core.shell:Creating package descriptor '/home/mp4d/ros_camera/install/usb_cam/share/usb_cam/package.dsv'
[7.317s] INFO:colcon.colcon_core.shell:Creating package script '/home/mp4d/ros_camera/install/usb_cam/share/usb_cam/package.sh'
[7.324s] INFO:colcon.colcon_core.shell:Creating package script '/home/mp4d/ros_camera/install/usb_cam/share/usb_cam/package.bash'
[7.330s] INFO:colcon.colcon_core.shell:Creating package script '/home/mp4d/ros_camera/install/usb_cam/share/usb_cam/package.zsh'
[7.336s] Level 1:colcon.colcon_core.environment:create_file_with_runtime_dependencies(/home/mp4d/ros_camera/install/usb_cam/share/colcon-core/packages/usb_cam)
[7.646s] Level 1:colcon.colcon_core.environment:create_environment_scripts_only(usb_cam)
[7.664s] Level 1:colcon.colcon_core.environment:checking '/home/mp4d/ros_camera/install/usb_cam' for CMake module files
[7.673s] Level 1:colcon.colcon_core.environment:checking '/home/mp4d/ros_camera/install/usb_cam' for CMake config files
[7.691s] Level 1:colcon.colcon_core.shell:create_environment_hook('usb_cam', 'cmake_prefix_path')
[7.697s] INFO:colcon.colcon_core.shell:Creating environment hook '/home/mp4d/ros_camera/install/usb_cam/share/usb_cam/hook/cmake_prefix_path.ps1'
[7.706s] INFO:colcon.colcon_core.shell:Creating environment descriptor '/home/mp4d/ros_camera/install/usb_cam/share/usb_cam/hook/cmake_prefix_path.dsv'
[7.715s] INFO:colcon.colcon_core.shell:Creating environment hook '/home/mp4d/ros_camera/install/usb_cam/share/usb_cam/hook/cmake_prefix_path.sh'
[7.727s] Level 1:colcon.colcon_core.environment:checking '/home/mp4d/ros_camera/install/usb_cam/lib'
[7.729s] Level 1:colcon.colcon_core.shell:create_environment_hook('usb_cam', 'ld_library_path_lib')
[7.733s] INFO:colcon.colcon_core.shell:Creating environment hook '/home/mp4d/ros_camera/install/usb_cam/share/usb_cam/hook/ld_library_path_lib.ps1'
[7.745s] INFO:colcon.colcon_core.shell:Creating environment descriptor '/home/mp4d/ros_camera/install/usb_cam/share/usb_cam/hook/ld_library_path_lib.dsv'
[7.753s] INFO:colcon.colcon_core.shell:Creating environment hook '/home/mp4d/ros_camera/install/usb_cam/share/usb_cam/hook/ld_library_path_lib.sh'
[7.763s] Level 1:colcon.colcon_core.environment:checking '/home/mp4d/ros_camera/install/usb_cam/bin'
[7.765s] Level 1:colcon.colcon_core.environment:checking '/home/mp4d/ros_camera/install/usb_cam/lib/pkgconfig/usb_cam.pc'
[7.768s] Level 1:colcon.colcon_core.environment:checking '/home/mp4d/ros_camera/install/usb_cam/lib/python3.8/site-packages'
[7.772s] Level 1:colcon.colcon_core.environment:checking '/home/mp4d/ros_camera/install/usb_cam/bin'
[7.779s] INFO:colcon.colcon_core.shell:Creating package script '/home/mp4d/ros_camera/install/usb_cam/share/usb_cam/package.ps1'
[7.791s] INFO:colcon.colcon_core.shell:Creating package descriptor '/home/mp4d/ros_camera/install/usb_cam/share/usb_cam/package.dsv'
[7.801s] INFO:colcon.colcon_core.shell:Creating package script '/home/mp4d/ros_camera/install/usb_cam/share/usb_cam/package.sh'
[7.813s] INFO:colcon.colcon_core.shell:Creating package script '/home/mp4d/ros_camera/install/usb_cam/share/usb_cam/package.bash'
[7.822s] INFO:colcon.colcon_core.shell:Creating package script '/home/mp4d/ros_camera/install/usb_cam/share/usb_cam/package.zsh'
[7.829s] Level 1:colcon.colcon_core.environment:create_file_with_runtime_dependencies(/home/mp4d/ros_camera/install/usb_cam/share/colcon-core/packages/usb_cam)
[7.834s] DEBUG:colcon.colcon_parallel_executor.executor.parallel:closing loop
[7.837s] DEBUG:colcon.colcon_parallel_executor.executor.parallel:loop closed
[7.839s] DEBUG:colcon.colcon_parallel_executor.executor.parallel:run_until_complete finished with '0'
[7.841s] DEBUG:colcon.colcon_core.event_reactor:joining thread
[7.901s] INFO:colcon.colcon_core.plugin_system:Skipping extension 'colcon_notification.desktop_notification.notify_send': Could not find 'notify-send'
[7.902s] INFO:colcon.colcon_core.plugin_system:Skipping extension 'colcon_notification.desktop_notification.terminal_notifier': Not used on non-Darwin systems
[7.902s] INFO:colcon.colcon_core.plugin_system:Skipping extension 'colcon_notification.desktop_notification.win32': Not used on non-Windows systems
[7.903s] INFO:colcon.colcon_notification.desktop_notification:Sending desktop notification using 'notify2'
[7.908s] DEBUG:colcon.colcon_notification.desktop_notification.notify2:Failed to initialize notify2: org.freedesktop.DBus.Error.ServiceUnknown: The name org.freedesktop.Notifications was not provided by any .service files
[7.909s] DEBUG:colcon.colcon_core.event_reactor:joined thread
[7.913s] INFO:colcon.colcon_core.shell:Creating prefix script '/home/mp4d/ros_camera/install/local_setup.ps1'
[7.925s] INFO:colcon.colcon_core.shell:Creating prefix util module '/home/mp4d/ros_camera/install/_local_setup_util_ps1.py'
[7.942s] INFO:colcon.colcon_core.shell:Creating prefix chain script '/home/mp4d/ros_camera/install/setup.ps1'
[7.953s] INFO:colcon.colcon_core.shell:Creating prefix script '/home/mp4d/ros_camera/install/local_setup.sh'
[7.960s] INFO:colcon.colcon_core.shell:Creating prefix util module '/home/mp4d/ros_camera/install/_local_setup_util_sh.py'
[7.967s] INFO:colcon.colcon_core.shell:Creating prefix chain script '/home/mp4d/ros_camera/install/setup.sh'
[7.978s] INFO:colcon.colcon_core.shell:Creating prefix script '/home/mp4d/ros_camera/install/local_setup.bash'
[7.984s] INFO:colcon.colcon_core.shell:Creating prefix chain script '/home/mp4d/ros_camera/install/setup.bash'
[7.998s] INFO:colcon.colcon_core.shell:Creating prefix script '/home/mp4d/ros_camera/install/local_setup.zsh'
[8.006s] INFO:colcon.colcon_core.shell:Creating prefix chain script '/home/mp4d/ros_camera/install/setup.zsh'
