-- The C compiler identification is GNU 9.4.0
-- The CXX compiler identification is GNU 9.4.0
-- Check for working C compiler: /usr/bin/cc
-- Check for working C compiler: /usr/bin/cc -- works
-- Detecting C compiler ABI info
-- Detecting C compiler ABI info - done
-- Detecting C compile features
-- Detecting C compile features - done
-- Check for working CXX compiler: /usr/bin/c++
-- Check for working CXX compiler: /usr/bin/c++ -- works
-- Detecting CXX compiler ABI info
-- Detecting CXX compiler ABI info - done
-- Detecting CXX compile features
-- Detecting CXX compile features - done
-- Found ament_cmake: 0.9.12 (/opt/ros/foxy/share/ament_cmake/cmake)
-- Found PythonInterp: /usr/bin/python3 (found suitable version "3.8.10", minimum required is "3") 
-- Using PYTHON_EXECUTABLE: /usr/bin/python3
-- Found rclcpp: 2.4.3 (/opt/ros/foxy/share/rclcpp/cmake)
-- Using all available rosidl_typesupport_c: rosidl_typesupport_fastrtps_c;rosidl_typesupport_introspection_c
-- Found rosidl_adapter: 1.3.1 (/opt/ros/foxy/share/rosidl_adapter/cmake)
-- Found OpenSSL: /usr/lib/aarch64-linux-gnu/libcrypto.so (found version "1.1.1f")  
-- Found FastRTPS: /opt/ros/foxy/include  
-- Using all available rosidl_typesupport_cpp: rosidl_typesupport_fastrtps_cpp;rosidl_typesupport_introspection_cpp
-- Found rmw_implementation_cmake: 1.0.4 (/opt/ros/foxy/share/rmw_implementation_cmake/cmake)
-- Using RMW implementation 'rmw_fastrtps_cpp' as default
-- Looking for pthread.h
-- Looking for pthread.h - found
-- Performing Test CMAKE_HAVE_LIBC_PTHREAD
-- Performing Test CMAKE_HAVE_LIBC_PTHREAD - Failed
-- Looking for pthread_create in pthreads
-- Looking for pthread_create in pthreads - not found
-- Looking for pthread_create in pthread
-- Looking for pthread_create in pthread - found
-- Found Threads: TRUE  
-- Found OpenCV: /usr (found version "4.2.0") 
-- Found cv_bridge: 3.0.7 (/opt/ros/foxy/share/cv_bridge/cmake)
-- Configuring done
-- Generating done
-- Build files have been written to: /home/mp4d/ros_camera/build/cam_sub
[35m[1mScanning dependencies of target image_subscriber[0m
[ 50%] [32mBuilding CXX object CMakeFiles/image_subscriber.dir/src/image_subscriber.cpp.o[0m
[01m[K/home/mp4d/ros_camera/src/cam_sub/src/image_subscriber.cpp:[m[K In member function ‘[01m[Kvoid ImageSubscriber::onImageMsg(sensor_msgs::msg::Image_<std::allocator<void> >::SharedPtr)[m[K’:
[01m[K/home/mp4d/ros_camera/src/cam_sub/src/image_subscriber.cpp:51:9:[m[K [01;35m[Kwarning: [m[Kunused variable ‘[01m[Kpixel_value[m[K’ [[01;35m[K-Wunused-variable[m[K]
   51 |     int [01;35m[Kpixel_value[m[K = img_g.at<uchar>(i, j);
      |         [01;35m[K^~~~~~~~~~~[m[K
[01m[K/home/mp4d/ros_camera/src/cam_sub/src/image_subscriber.cpp:44:11:[m[K [01;35m[Kwarning: [m[Kunused variable ‘[01m[Kcount[m[K’ [[01;35m[K-Wunused-variable[m[K]
   44 |   int64_t [01;35m[Kcount[m[K = 0;
      |           [01;35m[K^~~~~[m[K
[100%] [32m[1mLinking CXX executable image_subscriber[0m
[100%] Built target image_subscriber
-- Install configuration: ""
-- Installing: /home/mp4d/ros_camera/install/cam_sub/lib/cam_sub/image_subscriber
-- Set runtime path of "/home/mp4d/ros_camera/install/cam_sub/lib/cam_sub/image_subscriber" to ""
-- Installing: /home/mp4d/ros_camera/install/cam_sub/share/ament_index/resource_index/package_run_dependencies/cam_sub
-- Installing: /home/mp4d/ros_camera/install/cam_sub/share/ament_index/resource_index/parent_prefix_path/cam_sub
-- Installing: /home/mp4d/ros_camera/install/cam_sub/share/cam_sub/environment/ament_prefix_path.sh
-- Installing: /home/mp4d/ros_camera/install/cam_sub/share/cam_sub/environment/ament_prefix_path.dsv
-- Installing: /home/mp4d/ros_camera/install/cam_sub/share/cam_sub/environment/path.sh
-- Installing: /home/mp4d/ros_camera/install/cam_sub/share/cam_sub/environment/path.dsv
-- Installing: /home/mp4d/ros_camera/install/cam_sub/share/cam_sub/local_setup.bash
-- Installing: /home/mp4d/ros_camera/install/cam_sub/share/cam_sub/local_setup.sh
-- Installing: /home/mp4d/ros_camera/install/cam_sub/share/cam_sub/local_setup.zsh
-- Installing: /home/mp4d/ros_camera/install/cam_sub/share/cam_sub/local_setup.dsv
-- Installing: /home/mp4d/ros_camera/install/cam_sub/share/cam_sub/package.dsv
-- Installing: /home/mp4d/ros_camera/install/cam_sub/share/ament_index/resource_index/packages/cam_sub
-- Installing: /home/mp4d/ros_camera/install/cam_sub/share/cam_sub/cmake/cam_subConfig.cmake
-- Installing: /home/mp4d/ros_camera/install/cam_sub/share/cam_sub/cmake/cam_subConfig-version.cmake
-- Installing: /home/mp4d/ros_camera/install/cam_sub/share/cam_sub/package.xml
