-- Found ament_cmake: 0.9.12 (/opt/ros/foxy/share/ament_cmake/cmake)
-- Using PYTHON_EXECUTABLE: /usr/bin/python3
-- Found rclcpp: 2.4.3 (/opt/ros/foxy/share/rclcpp/cmake)
-- Using all available rosidl_typesupport_c: rosidl_typesupport_fastrtps_c;rosidl_typesupport_introspection_c
-- Found rosidl_adapter: 1.3.1 (/opt/ros/foxy/share/rosidl_adapter/cmake)
-- Using all available rosidl_typesupport_cpp: rosidl_typesupport_fastrtps_cpp;rosidl_typesupport_introspection_cpp
-- Found rmw_implementation_cmake: 1.0.4 (/opt/ros/foxy/share/rmw_implementation_cmake/cmake)
-- Using RMW implementation 'rmw_fastrtps_cpp' as default
-- Found sensor_msgs: 2.0.5 (/opt/ros/foxy/share/sensor_msgs/cmake)
-- Found cv_bridge: 3.0.7 (/opt/ros/foxy/share/cv_bridge/cmake)
-- Configuring done
-- Generating done
-- Build files have been written to: /home/mp4d/ros_camera/build/cam_sub
[35m[1mScanning dependencies of target image_subscriber[0m
[ 20%] [32mBuilding C object CMakeFiles/image_subscriber.dir/src/ximage_processing_sinit.c.o[0m
[ 40%] [32mBuilding C object CMakeFiles/image_subscriber.dir/src/ximage_processing_linux.c.o[0m
[ 60%] [32m[1mLinking CXX executable image_subscriber[0m
[100%] Built target image_subscriber
-- Install configuration: ""
-- Installing: /home/mp4d/ros_camera/install/cam_sub/lib/cam_sub/image_subscriber
-- Set runtime path of "/home/mp4d/ros_camera/install/cam_sub/lib/cam_sub/image_subscriber" to ""
-- Installing: /home/mp4d/ros_camera/install/cam_sub/share/ament_index/resource_index/package_run_dependencies/cam_sub
-- Installing: /home/mp4d/ros_camera/install/cam_sub/share/ament_index/resource_index/parent_prefix_path/cam_sub
-- Installing: /home/mp4d/ros_camera/install/cam_sub/share/cam_sub/environment/ament_prefix_path.sh
-- Installing: /home/mp4d/ros_camera/install/cam_sub/share/cam_sub/environment/ament_prefix_path.dsv
-- Installing: /home/mp4d/ros_camera/install/cam_sub/share/cam_sub/environment/path.sh
-- Installing: /home/mp4d/ros_camera/install/cam_sub/share/cam_sub/environment/path.dsv
-- Installing: /home/mp4d/ros_camera/install/cam_sub/share/cam_sub/local_setup.bash
-- Installing: /home/mp4d/ros_camera/install/cam_sub/share/cam_sub/local_setup.sh
-- Installing: /home/mp4d/ros_camera/install/cam_sub/share/cam_sub/local_setup.zsh
-- Installing: /home/mp4d/ros_camera/install/cam_sub/share/cam_sub/local_setup.dsv
-- Installing: /home/mp4d/ros_camera/install/cam_sub/share/cam_sub/package.dsv
-- Installing: /home/mp4d/ros_camera/install/cam_sub/share/ament_index/resource_index/packages/cam_sub
-- Installing: /home/mp4d/ros_camera/install/cam_sub/share/cam_sub/cmake/cam_subConfig.cmake
-- Installing: /home/mp4d/ros_camera/install/cam_sub/share/cam_sub/cmake/cam_subConfig-version.cmake
-- Installing: /home/mp4d/ros_camera/install/cam_sub/share/cam_sub/package.xml
