[0.157s] Invoking command in '/home/mp4d/ros_camera/build/usb_cam': CMAKE_PREFIX_PATH=${CMAKE_PREFIX_PATH}:/opt/ros/foxy /usr/bin/cmake /home/mp4d/ros_camera/src/usb_cam -DCMAKE_INSTALL_PREFIX=/home/mp4d/ros_camera/install/usb_cam
[1.588s] -- The C compiler identification is GNU 9.4.0
[2.616s] -- The CXX compiler identification is GNU 9.4.0
[2.693s] -- Check for working C compiler: /usr/bin/cc
[3.858s] -- Check for working C compiler: /usr/bin/cc -- works
[3.877s] -- Detecting C compiler ABI info
[5.180s] -- Detecting C compiler ABI info - done
[5.364s] -- Detecting C compile features
[5.372s] -- Detecting C compile features - done
[5.431s] -- Check for working CXX compiler: /usr/bin/c++
[6.913s] -- Check for working CXX compiler: /usr/bin/c++ -- works
[6.935s] -- Detecting CXX compiler ABI info
[8.272s] -- Detecting CXX compiler ABI info - done
[8.437s] -- Detecting CXX compile features
[8.438s] -- Detecting CXX compile features - done
[8.463s] -- Found ament_cmake_auto: 0.9.12 (/opt/ros/foxy/share/ament_cmake_auto/cmake)
[9.114s] -- Found PythonInterp: /usr/bin/python3 (found suitable version "3.8.10", minimum required is "3") 
[9.115s] -- Using PYTHON_EXECUTABLE: /usr/bin/python3
[13.708s] -- Using all available rosidl_typesupport_c: rosidl_typesupport_fastrtps_c;rosidl_typesupport_introspection_c
[13.759s] -- Found rosidl_adapter: 1.3.1 (/opt/ros/foxy/share/rosidl_adapter/cmake)
[14.354s] -- Found OpenSSL: /usr/lib/aarch64-linux-gnu/libcrypto.so (found version "1.1.1f")  
[14.568s] -- Found FastRTPS: /opt/ros/foxy/include  
[15.183s] -- Using all available rosidl_typesupport_cpp: rosidl_typesupport_fastrtps_cpp;rosidl_typesupport_introspection_cpp
[15.728s] -- Found rmw_implementation_cmake: 1.0.4 (/opt/ros/foxy/share/rmw_implementation_cmake/cmake)
[15.749s] -- Using RMW implementation 'rmw_fastrtps_cpp' as default
[15.767s] -- Looking for pthread.h
[17.256s] -- Looking for pthread.h - found
[17.259s] -- Performing Test CMAKE_HAVE_LIBC_PTHREAD
[18.443s] -- Performing Test CMAKE_HAVE_LIBC_PTHREAD - Failed
[18.445s] -- Looking for pthread_create in pthreads
[19.347s] -- Looking for pthread_create in pthreads - not found
[19.348s] -- Looking for pthread_create in pthread
[20.498s] -- Looking for pthread_create in pthread - found
[20.521s] -- Found Threads: TRUE  
[25.365s] -- Setting yaml-cpp_DIR to: '/opt/ros/foxy/share/yaml_cpp_vendor/cmake/../../../opt/yaml_cpp_vendor/lib/cmake/yaml-cpp'
[26.812s] -- Found OpenCV: /usr (found version "4.2.0") 
[26.849s] -- Found PkgConfig: /usr/bin/pkg-config (found version "0.29.1") 
[26.859s] -- Checking for module 'libavcodec'
[27.000s] --   Found libavcodec, version 58.54.100
[27.339s] -- Checking for module 'libavutil'
[27.489s] --   Found libavutil, version 56.31.100
[27.929s] -- Checking for module 'libswscale'
[28.204s] --   Found libswscale, version 5.5.100
[29.550s] -- Found ament_lint_auto: 0.9.8 (/opt/ros/foxy/share/ament_lint_auto/cmake)
[30.094s] -- Found gtest sources under '/opt/ros/foxy/src/gtest_vendor': C++ tests using 'Google Test' will be built
[30.150s] -- Check if compiler accepts -pthread
[31.306s] -- Check if compiler accepts -pthread - yes
[31.469s] -- Added test 'copyright' to check source files copyright and LICENSE
[31.508s] -- Added test 'cppcheck' to perform static code analysis on C / C++ code
[31.512s] -- Configured cppcheck include dirs: /home/mp4d/ros_camera/src/usb_cam/include
[31.514s] -- Configured cppcheck exclude dirs and/or files: 
[31.565s] -- Added test 'cpplint' to check C / C++ code against the Google style
[31.569s] -- Configured cpplint exclude dirs and/or files: 
[31.590s] -- Added test 'flake8' to check Python code syntax and style conventions
[31.618s] -- Added test 'lint_cmake' to check CMake code style
[31.633s] -- Added test 'pep257' to check Python code against some of the style conventions in PEP 257
[31.701s] -- Added test 'uncrustify' to check C / C++ code style
[31.703s] -- Configured uncrustify additional arguments: 
[31.712s] -- Added test 'xmllint' to check XML markup files
[31.773s] -- Configuring done
[32.479s] -- Generating done
[32.532s] -- Build files have been written to: /home/mp4d/ros_camera/build/usb_cam
[32.797s] Invoked command in '/home/mp4d/ros_camera/build/usb_cam' returned '0': CMAKE_PREFIX_PATH=${CMAKE_PREFIX_PATH}:/opt/ros/foxy /usr/bin/cmake /home/mp4d/ros_camera/src/usb_cam -DCMAKE_INSTALL_PREFIX=/home/mp4d/ros_camera/install/usb_cam
[32.842s] Invoking command in '/home/mp4d/ros_camera/build/usb_cam': CMAKE_PREFIX_PATH=${CMAKE_PREFIX_PATH}:/opt/ros/foxy /usr/bin/cmake --build /home/mp4d/ros_camera/build/usb_cam -- -j4 -l4
[33.309s] [35m[1mScanning dependencies of target usb_cam_node_exe[0m
[33.819s] [  7%] [32mBuilding CXX object CMakeFiles/usb_cam_node_exe.dir/rclcpp_components/node_main_usb_cam_node_exe.cpp.o[0m
[67.827s] [ 14%] [32m[1mLinking CXX executable usb_cam_node_exe[0m
[71.200s] [ 14%] Built target usb_cam_node_exe
[71.302s] [35m[1mScanning dependencies of target gtest_main[0m
[71.557s] [ 21%] [32mBuilding CXX object gtest/CMakeFiles/gtest_main.dir/src/gtest_main.cc.o[0m
[96.426s] [ 28%] [32m[1mLinking CXX static library libgtest_main.a[0m
[96.779s] [ 28%] Built target gtest_main
[96.923s] [35m[1mScanning dependencies of target gtest[0m
[97.174s] [ 35%] [32mBuilding CXX object gtest/CMakeFiles/gtest.dir/src/gtest-all.cc.o[0m
[153.585s] [ 42%] [32m[1mLinking CXX static library libgtest.a[0m
[154.263s] [ 42%] Built target gtest
[154.355s] [35m[1mScanning dependencies of target usb_cam[0m
[154.803s] [ 50%] [32mBuilding CXX object CMakeFiles/usb_cam.dir/src/usb_cam.cpp.o[0m
[179.350s] [ 57%] [32m[1mLinking CXX shared library libusb_cam.so[0m
[182.137s] [ 57%] Built target usb_cam
[182.224s] [35m[1mScanning dependencies of target test_usb_cam_utils[0m
[182.350s] [ 64%] [32mBuilding CXX object CMakeFiles/test_usb_cam_utils.dir/test/test_usb_cam_utils.cpp.o[0m
[208.922s] [ 71%] [32m[1mLinking CXX executable test_usb_cam_utils[0m
[211.954s] [ 71%] Built target test_usb_cam_utils
[212.064s] [35m[1mScanning dependencies of target usb_cam_node[0m
[212.066s] [35m[1mScanning dependencies of target test_pixel_formats[0m
[212.508s] [ 78%] [32mBuilding CXX object CMakeFiles/test_pixel_formats.dir/test/test_pixel_formats.cpp.o[0m
[213.000s] [ 85%] [32mBuilding CXX object CMakeFiles/usb_cam_node.dir/src/ros2/usb_cam_node.cpp.o[0m
[257.306s] [ 92%] [32m[1mLinking CXX executable test_pixel_formats[0m
[260.854s] [ 92%] Built target test_pixel_formats
[291.529s] [100%] [32m[1mLinking CXX shared library libusb_cam_node.so[0m
[301.691s] [100%] Built target usb_cam_node
[301.794s] Invoked command in '/home/mp4d/ros_camera/build/usb_cam' returned '0': CMAKE_PREFIX_PATH=${CMAKE_PREFIX_PATH}:/opt/ros/foxy /usr/bin/cmake --build /home/mp4d/ros_camera/build/usb_cam -- -j4 -l4
[302.066s] Invoking command in '/home/mp4d/ros_camera/build/usb_cam': CMAKE_PREFIX_PATH=${CMAKE_PREFIX_PATH}:/opt/ros/foxy /usr/bin/cmake --install /home/mp4d/ros_camera/build/usb_cam
[302.150s] -- Install configuration: ""
[302.156s] -- Installing: /home/mp4d/ros_camera/install/usb_cam/share/usb_cam/environment/library_path.sh
[302.159s] -- Installing: /home/mp4d/ros_camera/install/usb_cam/share/usb_cam/environment/library_path.dsv
[302.166s] -- Installing: /home/mp4d/ros_camera/install/usb_cam/lib/usb_cam/usb_cam_node_exe
[302.179s] -- Set runtime path of "/home/mp4d/ros_camera/install/usb_cam/lib/usb_cam/usb_cam_node_exe" to ""
[302.188s] -- Installing: /home/mp4d/ros_camera/install/usb_cam/lib/usb_cam/show_image.py
[302.190s] -- Installing: /home/mp4d/ros_camera/install/usb_cam/lib/libusb_cam.so
[302.192s] -- Installing: /home/mp4d/ros_camera/install/usb_cam/lib/libusb_cam_node.so
[302.222s] -- Set runtime path of "/home/mp4d/ros_camera/install/usb_cam/lib/libusb_cam_node.so" to ""
[302.224s] -- Installing: /home/mp4d/ros_camera/install/usb_cam/include
[302.238s] -- Installing: /home/mp4d/ros_camera/install/usb_cam/include/usb_cam
[302.243s] -- Installing: /home/mp4d/ros_camera/install/usb_cam/include/usb_cam/formats
[302.244s] -- Installing: /home/mp4d/ros_camera/install/usb_cam/include/usb_cam/formats/mjpeg.hpp
[302.247s] -- Installing: /home/mp4d/ros_camera/install/usb_cam/include/usb_cam/formats/av_pixel_format_helper.hpp
[302.249s] -- Installing: /home/mp4d/ros_camera/install/usb_cam/include/usb_cam/formats/m420.hpp
[302.253s] -- Installing: /home/mp4d/ros_camera/install/usb_cam/include/usb_cam/formats/utils.hpp
[302.255s] -- Installing: /home/mp4d/ros_camera/install/usb_cam/include/usb_cam/formats/rgb.hpp
[302.258s] -- Installing: /home/mp4d/ros_camera/install/usb_cam/include/usb_cam/formats/mono.hpp
[302.261s] -- Installing: /home/mp4d/ros_camera/install/usb_cam/include/usb_cam/formats/yuyv.hpp
[302.264s] -- Installing: /home/mp4d/ros_camera/install/usb_cam/include/usb_cam/formats/uyvy.hpp
[302.266s] -- Installing: /home/mp4d/ros_camera/install/usb_cam/include/usb_cam/formats/pixel_format_base.hpp
[302.268s] -- Installing: /home/mp4d/ros_camera/install/usb_cam/include/usb_cam/conversions.hpp
[302.270s] -- Installing: /home/mp4d/ros_camera/install/usb_cam/include/usb_cam/usb_cam_node.hpp
[302.271s] -- Installing: /home/mp4d/ros_camera/install/usb_cam/include/usb_cam/constants.hpp
[302.272s] -- Installing: /home/mp4d/ros_camera/install/usb_cam/include/usb_cam/utils.hpp
[302.273s] -- Installing: /home/mp4d/ros_camera/install/usb_cam/include/usb_cam/usb_cam.hpp
[302.275s] -- Up-to-date: /home/mp4d/ros_camera/install/usb_cam/lib/libusb_cam_node.so
[302.276s] -- Installing: /home/mp4d/ros_camera/install/usb_cam/share/usb_cam/launch
[302.277s] -- Installing: /home/mp4d/ros_camera/install/usb_cam/share/usb_cam/launch/camera.launch.py
[302.277s] -- Installing: /home/mp4d/ros_camera/install/usb_cam/share/usb_cam/launch/__init__.py
[302.278s] -- Installing: /home/mp4d/ros_camera/install/usb_cam/share/usb_cam/launch/camera_config.py
[302.278s] -- Installing: /home/mp4d/ros_camera/install/usb_cam/share/usb_cam/config
[302.279s] -- Installing: /home/mp4d/ros_camera/install/usb_cam/share/usb_cam/config/params_2.yaml
[302.280s] -- Installing: /home/mp4d/ros_camera/install/usb_cam/share/usb_cam/config/camera_info.yaml
[302.280s] -- Installing: /home/mp4d/ros_camera/install/usb_cam/share/usb_cam/config/params_1.yaml
[302.281s] -- Installing: /home/mp4d/ros_camera/install/usb_cam/share/ament_index/resource_index/package_run_dependencies/usb_cam
[302.283s] -- Installing: /home/mp4d/ros_camera/install/usb_cam/share/ament_index/resource_index/parent_prefix_path/usb_cam
[302.284s] -- Installing: /home/mp4d/ros_camera/install/usb_cam/share/usb_cam/environment/ament_prefix_path.sh
[302.285s] -- Installing: /home/mp4d/ros_camera/install/usb_cam/share/usb_cam/environment/ament_prefix_path.dsv
[302.285s] -- Installing: /home/mp4d/ros_camera/install/usb_cam/share/usb_cam/environment/path.sh
[302.286s] -- Installing: /home/mp4d/ros_camera/install/usb_cam/share/usb_cam/environment/path.dsv
[302.287s] -- Installing: /home/mp4d/ros_camera/install/usb_cam/share/usb_cam/local_setup.bash
[302.288s] -- Installing: /home/mp4d/ros_camera/install/usb_cam/share/usb_cam/local_setup.sh
[302.288s] -- Installing: /home/mp4d/ros_camera/install/usb_cam/share/usb_cam/local_setup.zsh
[302.289s] -- Installing: /home/mp4d/ros_camera/install/usb_cam/share/usb_cam/local_setup.dsv
[302.289s] -- Installing: /home/mp4d/ros_camera/install/usb_cam/share/usb_cam/package.dsv
[302.290s] -- Installing: /home/mp4d/ros_camera/install/usb_cam/share/ament_index/resource_index/packages/usb_cam
[302.290s] -- Installing: /home/mp4d/ros_camera/install/usb_cam/share/ament_index/resource_index/rclcpp_components/usb_cam
[302.291s] -- Installing: /home/mp4d/ros_camera/install/usb_cam/share/usb_cam/cmake/ament_cmake_export_libraries-extras.cmake
[302.291s] -- Installing: /home/mp4d/ros_camera/install/usb_cam/share/usb_cam/cmake/ament_cmake_export_dependencies-extras.cmake
[302.293s] -- Installing: /home/mp4d/ros_camera/install/usb_cam/share/usb_cam/cmake/ament_cmake_export_include_directories-extras.cmake
[302.295s] -- Installing: /home/mp4d/ros_camera/install/usb_cam/share/usb_cam/cmake/usb_camConfig.cmake
[302.297s] -- Installing: /home/mp4d/ros_camera/install/usb_cam/share/usb_cam/cmake/usb_camConfig-version.cmake
[302.307s] -- Installing: /home/mp4d/ros_camera/install/usb_cam/share/usb_cam/package.xml
[302.310s] Invoked command in '/home/mp4d/ros_camera/build/usb_cam' returned '0': CMAKE_PREFIX_PATH=${CMAKE_PREFIX_PATH}:/opt/ros/foxy /usr/bin/cmake --install /home/mp4d/ros_camera/build/usb_cam
