[2.057s] DEBUG:colcon:Command line arguments: ['/usr/bin/colcon', 'build']
[2.059s] DEBUG:colcon:Parsed command line arguments: Namespace(allow_overriding=[], ament_cmake_args=None, base_paths=['.'], build_base='build', catkin_cmake_args=None, catkin_skip_building_tests=False, cmake_args=None, cmake_clean_cache=False, cmake_clean_first=False, cmake_force_configure=False, cmake_target=None, cmake_target_skip_unavailable=False, continue_on_error=False, event_handlers=None, executor='parallel', ignore_user_meta=False, install_base='install', log_base=None, log_level=None, main=<bound method BuildVerb.main of <colcon_core.verb.build.BuildVerb object at 0xffff8f69d190>>, merge_install=False, metas=['./colcon.meta'], packages_above=None, packages_above_and_dependencies=None, packages_above_depth=None, packages_end=None, packages_ignore=None, packages_ignore_regex=None, packages_select=None, packages_select_build_failed=False, packages_select_by_dep=None, packages_select_regex=None, packages_select_test_failures=False, packages_skip=None, packages_skip_build_finished=False, packages_skip_by_dep=None, packages_skip_regex=None, packages_skip_test_passed=False, packages_skip_up_to=None, packages_start=None, packages_up_to=None, packages_up_to_regex=None, parallel_workers=4, paths=None, symlink_install=False, test_result_base=None, verb_extension=<colcon_core.verb.build.BuildVerb object at 0xffff8f69d190>, verb_name='build', verb_parser=<colcon_defaults.argument_parser.defaults.DefaultArgumentsDecorator object at 0xffff8f542af0>)
[3.617s] Level 1:colcon.colcon_core.package_discovery:discover_packages(colcon_meta) check parameters
[3.620s] Level 1:colcon.colcon_core.package_discovery:discover_packages(recursive) check parameters
[3.621s] Level 1:colcon.colcon_core.package_discovery:discover_packages(ignore) check parameters
[3.621s] Level 1:colcon.colcon_core.package_discovery:discover_packages(path) check parameters
[3.622s] Level 1:colcon.colcon_core.package_discovery:discover_packages(colcon_meta) discover
[3.623s] Level 1:colcon.colcon_core.package_discovery:discover_packages(recursive) discover
[3.623s] INFO:colcon.colcon_core.package_discovery:Crawling recursively for packages in '/home/mp4d/ros_camera'
[3.624s] Level 1:colcon.colcon_core.package_identification:_identify(.) by extensions ['ignore', 'ignore_ament_install']
[3.627s] Level 1:colcon.colcon_core.package_identification:_identify(.) by extension 'ignore'
[3.628s] Level 1:colcon.colcon_core.package_identification:_identify(.) by extension 'ignore_ament_install'
[3.629s] Level 1:colcon.colcon_core.package_identification:_identify(.) by extensions ['colcon_pkg']
[3.630s] Level 1:colcon.colcon_core.package_identification:_identify(.) by extension 'colcon_pkg'
[3.631s] Level 1:colcon.colcon_core.package_identification:_identify(.) by extensions ['colcon_meta']
[3.632s] Level 1:colcon.colcon_core.package_identification:_identify(.) by extension 'colcon_meta'
[3.633s] Level 1:colcon.colcon_core.package_identification:_identify(.) by extensions ['ros']
[3.633s] Level 1:colcon.colcon_core.package_identification:_identify(.) by extension 'ros'
[3.781s] Level 1:colcon.colcon_core.package_identification:_identify(.) by extensions ['cmake', 'python']
[3.782s] Level 1:colcon.colcon_core.package_identification:_identify(.) by extension 'cmake'
[3.783s] Level 1:colcon.colcon_core.package_identification:_identify(.) by extension 'python'
[3.783s] Level 1:colcon.colcon_core.package_identification:_identify(.) by extensions ['python_setup_py']
[3.783s] Level 1:colcon.colcon_core.package_identification:_identify(.) by extension 'python_setup_py'
[3.784s] Level 1:colcon.colcon_core.package_identification:_identify(build) by extensions ['ignore', 'ignore_ament_install']
[3.785s] Level 1:colcon.colcon_core.package_identification:_identify(build) by extension 'ignore'
[3.785s] Level 1:colcon.colcon_core.package_identification:_identify(build) ignored
[3.786s] Level 1:colcon.colcon_core.package_identification:_identify(install) by extensions ['ignore', 'ignore_ament_install']
[3.787s] Level 1:colcon.colcon_core.package_identification:_identify(install) by extension 'ignore'
[3.787s] Level 1:colcon.colcon_core.package_identification:_identify(install) ignored
[3.788s] Level 1:colcon.colcon_core.package_identification:_identify(log) by extensions ['ignore', 'ignore_ament_install']
[3.789s] Level 1:colcon.colcon_core.package_identification:_identify(log) by extension 'ignore'
[3.789s] Level 1:colcon.colcon_core.package_identification:_identify(log) ignored
[3.789s] Level 1:colcon.colcon_core.package_identification:_identify(src) by extensions ['ignore', 'ignore_ament_install']
[3.790s] Level 1:colcon.colcon_core.package_identification:_identify(src) by extension 'ignore'
[3.790s] Level 1:colcon.colcon_core.package_identification:_identify(src) by extension 'ignore_ament_install'
[3.791s] Level 1:colcon.colcon_core.package_identification:_identify(src) by extensions ['colcon_pkg']
[3.791s] Level 1:colcon.colcon_core.package_identification:_identify(src) by extension 'colcon_pkg'
[3.791s] Level 1:colcon.colcon_core.package_identification:_identify(src) by extensions ['colcon_meta']
[3.792s] Level 1:colcon.colcon_core.package_identification:_identify(src) by extension 'colcon_meta'
[3.792s] Level 1:colcon.colcon_core.package_identification:_identify(src) by extensions ['ros']
[3.792s] Level 1:colcon.colcon_core.package_identification:_identify(src) by extension 'ros'
[3.793s] Level 1:colcon.colcon_core.package_identification:_identify(src) by extensions ['cmake', 'python']
[3.793s] Level 1:colcon.colcon_core.package_identification:_identify(src) by extension 'cmake'
[3.793s] Level 1:colcon.colcon_core.package_identification:_identify(src) by extension 'python'
[3.794s] Level 1:colcon.colcon_core.package_identification:_identify(src) by extensions ['python_setup_py']
[3.794s] Level 1:colcon.colcon_core.package_identification:_identify(src) by extension 'python_setup_py'
[3.795s] Level 1:colcon.colcon_core.package_identification:_identify(src/cam_sub) by extensions ['ignore', 'ignore_ament_install']
[3.795s] Level 1:colcon.colcon_core.package_identification:_identify(src/cam_sub) by extension 'ignore'
[3.795s] Level 1:colcon.colcon_core.package_identification:_identify(src/cam_sub) by extension 'ignore_ament_install'
[3.796s] Level 1:colcon.colcon_core.package_identification:_identify(src/cam_sub) by extensions ['colcon_pkg']
[3.796s] Level 1:colcon.colcon_core.package_identification:_identify(src/cam_sub) by extension 'colcon_pkg'
[3.796s] Level 1:colcon.colcon_core.package_identification:_identify(src/cam_sub) by extensions ['colcon_meta']
[3.797s] Level 1:colcon.colcon_core.package_identification:_identify(src/cam_sub) by extension 'colcon_meta'
[3.797s] Level 1:colcon.colcon_core.package_identification:_identify(src/cam_sub) by extensions ['ros']
[3.797s] Level 1:colcon.colcon_core.package_identification:_identify(src/cam_sub) by extension 'ros'
[3.823s] DEBUG:colcon.colcon_core.package_identification:Package 'src/cam_sub' with type 'ros.ament_cmake' and name 'cam_sub'
[3.824s] Level 1:colcon.colcon_core.package_identification:_identify(src/usb_cam) by extensions ['ignore', 'ignore_ament_install']
[3.825s] Level 1:colcon.colcon_core.package_identification:_identify(src/usb_cam) by extension 'ignore'
[3.826s] Level 1:colcon.colcon_core.package_identification:_identify(src/usb_cam) by extension 'ignore_ament_install'
[3.826s] Level 1:colcon.colcon_core.package_identification:_identify(src/usb_cam) by extensions ['colcon_pkg']
[3.826s] Level 1:colcon.colcon_core.package_identification:_identify(src/usb_cam) by extension 'colcon_pkg'
[3.827s] Level 1:colcon.colcon_core.package_identification:_identify(src/usb_cam) by extensions ['colcon_meta']
[3.827s] Level 1:colcon.colcon_core.package_identification:_identify(src/usb_cam) by extension 'colcon_meta'
[3.827s] Level 1:colcon.colcon_core.package_identification:_identify(src/usb_cam) by extensions ['ros']
[3.828s] Level 1:colcon.colcon_core.package_identification:_identify(src/usb_cam) by extension 'ros'
[3.920s] DEBUG:colcon.colcon_core.package_identification:Package 'src/usb_cam' with type 'ros.ament_cmake' and name 'usb_cam'
[3.921s] Level 1:colcon.colcon_core.package_discovery:discover_packages(recursive) using defaults
[3.922s] Level 1:colcon.colcon_core.package_discovery:discover_packages(ignore) discover
[3.922s] Level 1:colcon.colcon_core.package_discovery:discover_packages(ignore) using defaults
[3.922s] Level 1:colcon.colcon_core.package_discovery:discover_packages(path) discover
[3.922s] Level 1:colcon.colcon_core.package_discovery:discover_packages(path) using defaults
[4.082s] Level 1:colcon.colcon_core.package_discovery:discover_packages(prefix_path) check parameters
[4.083s] Level 1:colcon.colcon_core.package_discovery:discover_packages(prefix_path) discover
[4.092s] WARNING:colcon.colcon_ros.prefix_path.ament:The path '/home/mp4d/ros_camera/install/usb_cam' in the environment variable AMENT_PREFIX_PATH doesn't exist
[4.093s] WARNING:colcon.colcon_ros.prefix_path.ament:The path '/home/mp4d/ros_camera/install/cam_sub' in the environment variable AMENT_PREFIX_PATH doesn't exist
[4.094s] WARNING:colcon.colcon_ros.prefix_path.catkin:The path '/home/mp4d/ros_camera/install/usb_cam' in the environment variable CMAKE_PREFIX_PATH doesn't exist
[4.094s] WARNING:colcon.colcon_ros.prefix_path.catkin:The path '/home/mp4d/ros_camera/install/cam_sub' in the environment variable CMAKE_PREFIX_PATH doesn't exist
[4.104s] DEBUG:colcon.colcon_installed_package_information.package_discovery:Found 0 installed packages in /home/mp4d/ros_camera/install
[4.116s] DEBUG:colcon.colcon_installed_package_information.package_discovery:Found 258 installed packages in /opt/ros/foxy
[4.134s] Level 1:colcon.colcon_core.package_discovery:discover_packages(prefix_path) using defaults
[4.941s] Level 5:colcon.colcon_core.verb:set package 'cam_sub' build argument 'cmake_args' from command line to 'None'
[4.942s] Level 5:colcon.colcon_core.verb:set package 'cam_sub' build argument 'cmake_target' from command line to 'None'
[4.943s] Level 5:colcon.colcon_core.verb:set package 'cam_sub' build argument 'cmake_target_skip_unavailable' from command line to 'False'
[4.943s] Level 5:colcon.colcon_core.verb:set package 'cam_sub' build argument 'cmake_clean_cache' from command line to 'False'
[4.943s] Level 5:colcon.colcon_core.verb:set package 'cam_sub' build argument 'cmake_clean_first' from command line to 'False'
[4.943s] Level 5:colcon.colcon_core.verb:set package 'cam_sub' build argument 'cmake_force_configure' from command line to 'False'
[4.943s] Level 5:colcon.colcon_core.verb:set package 'cam_sub' build argument 'ament_cmake_args' from command line to 'None'
[4.944s] Level 5:colcon.colcon_core.verb:set package 'cam_sub' build argument 'catkin_cmake_args' from command line to 'None'
[4.944s] Level 5:colcon.colcon_core.verb:set package 'cam_sub' build argument 'catkin_skip_building_tests' from command line to 'False'
[4.944s] DEBUG:colcon.colcon_core.verb:Building package 'cam_sub' with the following arguments: {'ament_cmake_args': None, 'build_base': '/home/mp4d/ros_camera/build/cam_sub', 'catkin_cmake_args': None, 'catkin_skip_building_tests': False, 'cmake_args': None, 'cmake_clean_cache': False, 'cmake_clean_first': False, 'cmake_force_configure': False, 'cmake_target': None, 'cmake_target_skip_unavailable': False, 'install_base': '/home/mp4d/ros_camera/install/cam_sub', 'merge_install': False, 'path': '/home/mp4d/ros_camera/src/cam_sub', 'symlink_install': False, 'test_result_base': None}
[4.948s] Level 5:colcon.colcon_core.verb:set package 'usb_cam' build argument 'cmake_args' from command line to 'None'
[4.949s] Level 5:colcon.colcon_core.verb:set package 'usb_cam' build argument 'cmake_target' from command line to 'None'
[4.949s] Level 5:colcon.colcon_core.verb:set package 'usb_cam' build argument 'cmake_target_skip_unavailable' from command line to 'False'
[4.950s] Level 5:colcon.colcon_core.verb:set package 'usb_cam' build argument 'cmake_clean_cache' from command line to 'False'
[4.950s] Level 5:colcon.colcon_core.verb:set package 'usb_cam' build argument 'cmake_clean_first' from command line to 'False'
[4.950s] Level 5:colcon.colcon_core.verb:set package 'usb_cam' build argument 'cmake_force_configure' from command line to 'False'
[4.950s] Level 5:colcon.colcon_core.verb:set package 'usb_cam' build argument 'ament_cmake_args' from command line to 'None'
[4.950s] Level 5:colcon.colcon_core.verb:set package 'usb_cam' build argument 'catkin_cmake_args' from command line to 'None'
[4.951s] Level 5:colcon.colcon_core.verb:set package 'usb_cam' build argument 'catkin_skip_building_tests' from command line to 'False'
[4.951s] DEBUG:colcon.colcon_core.verb:Building package 'usb_cam' with the following arguments: {'ament_cmake_args': None, 'build_base': '/home/mp4d/ros_camera/build/usb_cam', 'catkin_cmake_args': None, 'catkin_skip_building_tests': False, 'cmake_args': None, 'cmake_clean_cache': False, 'cmake_clean_first': False, 'cmake_force_configure': False, 'cmake_target': None, 'cmake_target_skip_unavailable': False, 'install_base': '/home/mp4d/ros_camera/install/usb_cam', 'merge_install': False, 'path': '/home/mp4d/ros_camera/src/usb_cam', 'symlink_install': False, 'test_result_base': None}
[4.953s] INFO:colcon.colcon_core.executor:Executing jobs using 'parallel' executor
[4.961s] DEBUG:colcon.colcon_parallel_executor.executor.parallel:run_until_complete
[4.965s] INFO:colcon.colcon_ros.task.ament_cmake.build:Building ROS package in '/home/mp4d/ros_camera/src/cam_sub' with build type 'ament_cmake'
[4.968s] INFO:colcon.colcon_cmake.task.cmake.build:Building CMake package in '/home/mp4d/ros_camera/src/cam_sub'
[4.991s] INFO:colcon.colcon_core.plugin_system:Skipping extension 'colcon_core.shell.bat': Not used on non-Windows systems
[4.994s] INFO:colcon.colcon_core.shell:Skip shell extension 'powershell' for command environment: Not usable outside of PowerShell
[4.994s] DEBUG:colcon.colcon_core.shell:Skip shell extension 'dsv' for command environment
[5.043s] INFO:colcon.colcon_ros.task.ament_cmake.build:Building ROS package in '/home/mp4d/ros_camera/src/usb_cam' with build type 'ament_cmake'
[5.047s] INFO:colcon.colcon_cmake.task.cmake.build:Building CMake package in '/home/mp4d/ros_camera/src/usb_cam'
[5.054s] INFO:colcon.colcon_core.shell:Skip shell extension 'powershell' for command environment: Not usable outside of PowerShell
[5.055s] DEBUG:colcon.colcon_core.shell:Skip shell extension 'dsv' for command environment
[5.153s] DEBUG:colcon.colcon_core.event_handler.log_command:Invoking command in '/home/mp4d/ros_camera/build/cam_sub': CMAKE_PREFIX_PATH=${CMAKE_PREFIX_PATH}:/opt/ros/foxy /usr/bin/cmake /home/mp4d/ros_camera/src/cam_sub -DCMAKE_INSTALL_PREFIX=/home/mp4d/ros_camera/install/cam_sub
[5.226s] DEBUG:colcon.colcon_core.event_handler.log_command:Invoking command in '/home/mp4d/ros_camera/build/usb_cam': CMAKE_PREFIX_PATH=${CMAKE_PREFIX_PATH}:/opt/ros/foxy /usr/bin/cmake /home/mp4d/ros_camera/src/usb_cam -DCMAKE_INSTALL_PREFIX=/home/mp4d/ros_camera/install/usb_cam
[34.347s] DEBUG:colcon.colcon_core.event_handler.log_command:Invoked command in '/home/mp4d/ros_camera/build/cam_sub' returned '0': CMAKE_PREFIX_PATH=${CMAKE_PREFIX_PATH}:/opt/ros/foxy /usr/bin/cmake /home/mp4d/ros_camera/src/cam_sub -DCMAKE_INSTALL_PREFIX=/home/mp4d/ros_camera/install/cam_sub
[34.383s] DEBUG:colcon.colcon_core.event_handler.log_command:Invoking command in '/home/mp4d/ros_camera/build/cam_sub': CMAKE_PREFIX_PATH=${CMAKE_PREFIX_PATH}:/opt/ros/foxy /usr/bin/cmake --build /home/mp4d/ros_camera/build/cam_sub -- -j4 -l4
[40.527s] DEBUG:colcon.colcon_core.event_handler.log_command:Invoked command in '/home/mp4d/ros_camera/build/usb_cam' returned '0': CMAKE_PREFIX_PATH=${CMAKE_PREFIX_PATH}:/opt/ros/foxy /usr/bin/cmake /home/mp4d/ros_camera/src/usb_cam -DCMAKE_INSTALL_PREFIX=/home/mp4d/ros_camera/install/usb_cam
[40.563s] DEBUG:colcon.colcon_core.event_handler.log_command:Invoking command in '/home/mp4d/ros_camera/build/usb_cam': CMAKE_PREFIX_PATH=${CMAKE_PREFIX_PATH}:/opt/ros/foxy /usr/bin/cmake --build /home/mp4d/ros_camera/build/usb_cam -- -j4 -l4
[88.490s] DEBUG:colcon.colcon_core.event_handler.log_command:Invoked command in '/home/mp4d/ros_camera/build/cam_sub' returned '2': CMAKE_PREFIX_PATH=${CMAKE_PREFIX_PATH}:/opt/ros/foxy /usr/bin/cmake --build /home/mp4d/ros_camera/build/cam_sub -- -j4 -l4
[88.646s] Level 1:colcon.colcon_core.environment:create_environment_scripts_only(cam_sub)
[88.682s] Level 1:colcon.colcon_core.environment:checking '/home/mp4d/ros_camera/install/cam_sub' for CMake module files
[88.686s] Level 1:colcon.colcon_core.environment:checking '/home/mp4d/ros_camera/install/cam_sub' for CMake config files
[88.690s] Level 1:colcon.colcon_core.environment:checking '/home/mp4d/ros_camera/install/cam_sub/bin'
[88.691s] Level 1:colcon.colcon_core.environment:checking '/home/mp4d/ros_camera/install/cam_sub/lib/pkgconfig/cam_sub.pc'
[88.694s] Level 1:colcon.colcon_core.environment:checking '/home/mp4d/ros_camera/install/cam_sub/lib/python3.8/site-packages'
[88.697s] Level 1:colcon.colcon_core.environment:checking '/home/mp4d/ros_camera/install/cam_sub/bin'
[88.702s] INFO:colcon.colcon_core.shell:Creating package script '/home/mp4d/ros_camera/install/cam_sub/share/cam_sub/package.ps1'
[88.721s] INFO:colcon.colcon_core.shell:Creating package descriptor '/home/mp4d/ros_camera/install/cam_sub/share/cam_sub/package.dsv'
[88.733s] INFO:colcon.colcon_core.shell:Creating package script '/home/mp4d/ros_camera/install/cam_sub/share/cam_sub/package.sh'
[88.746s] INFO:colcon.colcon_core.shell:Creating package script '/home/mp4d/ros_camera/install/cam_sub/share/cam_sub/package.bash'
[88.764s] INFO:colcon.colcon_core.shell:Creating package script '/home/mp4d/ros_camera/install/cam_sub/share/cam_sub/package.zsh'
[88.776s] Level 1:colcon.colcon_core.environment:create_file_with_runtime_dependencies(/home/mp4d/ros_camera/install/cam_sub/share/colcon-core/packages/cam_sub)
[313.604s] DEBUG:colcon.colcon_parallel_executor.executor.parallel:closing loop
[313.606s] DEBUG:colcon.colcon_parallel_executor.executor.parallel:loop closed
[313.607s] DEBUG:colcon.colcon_parallel_executor.executor.parallel:run_until_complete finished with '2'
[313.607s] DEBUG:colcon.colcon_core.event_reactor:joining thread
[313.696s] INFO:colcon.colcon_core.plugin_system:Skipping extension 'colcon_notification.desktop_notification.notify_send': Could not find 'notify-send'
[313.699s] INFO:colcon.colcon_core.plugin_system:Skipping extension 'colcon_notification.desktop_notification.terminal_notifier': Not used on non-Darwin systems
[313.701s] INFO:colcon.colcon_core.plugin_system:Skipping extension 'colcon_notification.desktop_notification.win32': Not used on non-Windows systems
[313.703s] INFO:colcon.colcon_notification.desktop_notification:Sending desktop notification using 'notify2'
[313.713s] DEBUG:colcon.colcon_notification.desktop_notification.notify2:Failed to initialize notify2: org.freedesktop.DBus.Error.ServiceUnknown: The name org.freedesktop.Notifications was not provided by any .service files
[313.715s] DEBUG:colcon.colcon_core.event_reactor:joined thread
[313.719s] INFO:colcon.colcon_core.shell:Creating prefix script '/home/mp4d/ros_camera/install/local_setup.ps1'
[313.732s] INFO:colcon.colcon_core.shell:Creating prefix util module '/home/mp4d/ros_camera/install/_local_setup_util_ps1.py'
[313.762s] INFO:colcon.colcon_core.shell:Creating prefix chain script '/home/mp4d/ros_camera/install/setup.ps1'
[313.777s] INFO:colcon.colcon_core.shell:Creating prefix script '/home/mp4d/ros_camera/install/local_setup.sh'
[313.787s] INFO:colcon.colcon_core.shell:Creating prefix util module '/home/mp4d/ros_camera/install/_local_setup_util_sh.py'
[313.798s] INFO:colcon.colcon_core.shell:Creating prefix chain script '/home/mp4d/ros_camera/install/setup.sh'
[313.816s] INFO:colcon.colcon_core.shell:Creating prefix script '/home/mp4d/ros_camera/install/local_setup.bash'
[313.826s] INFO:colcon.colcon_core.shell:Creating prefix chain script '/home/mp4d/ros_camera/install/setup.bash'
[313.842s] INFO:colcon.colcon_core.shell:Creating prefix script '/home/mp4d/ros_camera/install/local_setup.zsh'
[313.852s] INFO:colcon.colcon_core.shell:Creating prefix chain script '/home/mp4d/ros_camera/install/setup.zsh'
