[1.952s] DEBUG:colcon:Command line arguments: ['/usr/bin/colcon', 'build', '--packages-select', 'cam_sub']
[1.953s] DEBUG:colcon:Parsed command line arguments: Namespace(allow_overriding=[], ament_cmake_args=None, base_paths=['.'], build_base='build', catkin_cmake_args=None, catkin_skip_building_tests=False, cmake_args=None, cmake_clean_cache=False, cmake_clean_first=False, cmake_force_configure=False, cmake_target=None, cmake_target_skip_unavailable=False, continue_on_error=False, event_handlers=None, executor='parallel', ignore_user_meta=False, install_base='install', log_base=None, log_level=None, main=<bound method BuildVerb.main of <colcon_core.verb.build.BuildVerb object at 0xffff84929190>>, merge_install=False, metas=['./colcon.meta'], packages_above=None, packages_above_and_dependencies=None, packages_above_depth=None, packages_end=None, packages_ignore=None, packages_ignore_regex=None, packages_select=['cam_sub'], packages_select_build_failed=False, packages_select_by_dep=None, packages_select_regex=None, packages_select_test_failures=False, packages_skip=None, packages_skip_build_finished=False, packages_skip_by_dep=None, packages_skip_regex=None, packages_skip_test_passed=False, packages_skip_up_to=None, packages_start=None, packages_up_to=None, packages_up_to_regex=None, parallel_workers=4, paths=None, symlink_install=False, test_result_base=None, verb_extension=<colcon_core.verb.build.BuildVerb object at 0xffff84929190>, verb_name='build', verb_parser=<colcon_defaults.argument_parser.defaults.DefaultArgumentsDecorator object at 0xffff847ceaf0>)
[3.644s] Level 1:colcon.colcon_core.package_discovery:discover_packages(colcon_meta) check parameters
[3.645s] Level 1:colcon.colcon_core.package_discovery:discover_packages(recursive) check parameters
[3.645s] Level 1:colcon.colcon_core.package_discovery:discover_packages(ignore) check parameters
[3.646s] Level 1:colcon.colcon_core.package_discovery:discover_packages(path) check parameters
[3.647s] Level 1:colcon.colcon_core.package_discovery:discover_packages(colcon_meta) discover
[3.647s] Level 1:colcon.colcon_core.package_discovery:discover_packages(recursive) discover
[3.648s] INFO:colcon.colcon_core.package_discovery:Crawling recursively for packages in '/home/mp4d/ros_camera'
[3.648s] Level 1:colcon.colcon_core.package_identification:_identify(.) by extensions ['ignore', 'ignore_ament_install']
[3.649s] Level 1:colcon.colcon_core.package_identification:_identify(.) by extension 'ignore'
[3.650s] Level 1:colcon.colcon_core.package_identification:_identify(.) by extension 'ignore_ament_install'
[3.650s] Level 1:colcon.colcon_core.package_identification:_identify(.) by extensions ['colcon_pkg']
[3.650s] Level 1:colcon.colcon_core.package_identification:_identify(.) by extension 'colcon_pkg'
[3.651s] Level 1:colcon.colcon_core.package_identification:_identify(.) by extensions ['colcon_meta']
[3.651s] Level 1:colcon.colcon_core.package_identification:_identify(.) by extension 'colcon_meta'
[3.651s] Level 1:colcon.colcon_core.package_identification:_identify(.) by extensions ['ros']
[3.652s] Level 1:colcon.colcon_core.package_identification:_identify(.) by extension 'ros'
[3.777s] Level 1:colcon.colcon_core.package_identification:_identify(.) by extensions ['cmake', 'python']
[3.778s] Level 1:colcon.colcon_core.package_identification:_identify(.) by extension 'cmake'
[3.778s] Level 1:colcon.colcon_core.package_identification:_identify(.) by extension 'python'
[3.779s] Level 1:colcon.colcon_core.package_identification:_identify(.) by extensions ['python_setup_py']
[3.779s] Level 1:colcon.colcon_core.package_identification:_identify(.) by extension 'python_setup_py'
[3.780s] Level 1:colcon.colcon_core.package_identification:_identify(build) by extensions ['ignore', 'ignore_ament_install']
[3.781s] Level 1:colcon.colcon_core.package_identification:_identify(build) by extension 'ignore'
[3.781s] Level 1:colcon.colcon_core.package_identification:_identify(build) ignored
[3.782s] Level 1:colcon.colcon_core.package_identification:_identify(install) by extensions ['ignore', 'ignore_ament_install']
[3.783s] Level 1:colcon.colcon_core.package_identification:_identify(install) by extension 'ignore'
[3.783s] Level 1:colcon.colcon_core.package_identification:_identify(install) ignored
[3.784s] Level 1:colcon.colcon_core.package_identification:_identify(log) by extensions ['ignore', 'ignore_ament_install']
[3.784s] Level 1:colcon.colcon_core.package_identification:_identify(log) by extension 'ignore'
[3.785s] Level 1:colcon.colcon_core.package_identification:_identify(log) ignored
[3.785s] Level 1:colcon.colcon_core.package_identification:_identify(src) by extensions ['ignore', 'ignore_ament_install']
[3.786s] Level 1:colcon.colcon_core.package_identification:_identify(src) by extension 'ignore'
[3.786s] Level 1:colcon.colcon_core.package_identification:_identify(src) by extension 'ignore_ament_install'
[3.787s] Level 1:colcon.colcon_core.package_identification:_identify(src) by extensions ['colcon_pkg']
[3.787s] Level 1:colcon.colcon_core.package_identification:_identify(src) by extension 'colcon_pkg'
[3.787s] Level 1:colcon.colcon_core.package_identification:_identify(src) by extensions ['colcon_meta']
[3.788s] Level 1:colcon.colcon_core.package_identification:_identify(src) by extension 'colcon_meta'
[3.788s] Level 1:colcon.colcon_core.package_identification:_identify(src) by extensions ['ros']
[3.788s] Level 1:colcon.colcon_core.package_identification:_identify(src) by extension 'ros'
[3.789s] Level 1:colcon.colcon_core.package_identification:_identify(src) by extensions ['cmake', 'python']
[3.789s] Level 1:colcon.colcon_core.package_identification:_identify(src) by extension 'cmake'
[3.789s] Level 1:colcon.colcon_core.package_identification:_identify(src) by extension 'python'
[3.790s] Level 1:colcon.colcon_core.package_identification:_identify(src) by extensions ['python_setup_py']
[3.790s] Level 1:colcon.colcon_core.package_identification:_identify(src) by extension 'python_setup_py'
[3.791s] Level 1:colcon.colcon_core.package_identification:_identify(src/cam_sub) by extensions ['ignore', 'ignore_ament_install']
[3.791s] Level 1:colcon.colcon_core.package_identification:_identify(src/cam_sub) by extension 'ignore'
[3.792s] Level 1:colcon.colcon_core.package_identification:_identify(src/cam_sub) by extension 'ignore_ament_install'
[3.792s] Level 1:colcon.colcon_core.package_identification:_identify(src/cam_sub) by extensions ['colcon_pkg']
[3.792s] Level 1:colcon.colcon_core.package_identification:_identify(src/cam_sub) by extension 'colcon_pkg'
[3.793s] Level 1:colcon.colcon_core.package_identification:_identify(src/cam_sub) by extensions ['colcon_meta']
[3.793s] Level 1:colcon.colcon_core.package_identification:_identify(src/cam_sub) by extension 'colcon_meta'
[3.793s] Level 1:colcon.colcon_core.package_identification:_identify(src/cam_sub) by extensions ['ros']
[3.794s] Level 1:colcon.colcon_core.package_identification:_identify(src/cam_sub) by extension 'ros'
[3.819s] DEBUG:colcon.colcon_core.package_identification:Package 'src/cam_sub' with type 'ros.ament_cmake' and name 'cam_sub'
[3.821s] Level 1:colcon.colcon_core.package_identification:_identify(src/usb_cam) by extensions ['ignore', 'ignore_ament_install']
[3.822s] Level 1:colcon.colcon_core.package_identification:_identify(src/usb_cam) by extension 'ignore'
[3.823s] Level 1:colcon.colcon_core.package_identification:_identify(src/usb_cam) by extension 'ignore_ament_install'
[3.823s] Level 1:colcon.colcon_core.package_identification:_identify(src/usb_cam) by extensions ['colcon_pkg']
[3.823s] Level 1:colcon.colcon_core.package_identification:_identify(src/usb_cam) by extension 'colcon_pkg'
[3.824s] Level 1:colcon.colcon_core.package_identification:_identify(src/usb_cam) by extensions ['colcon_meta']
[3.824s] Level 1:colcon.colcon_core.package_identification:_identify(src/usb_cam) by extension 'colcon_meta'
[3.824s] Level 1:colcon.colcon_core.package_identification:_identify(src/usb_cam) by extensions ['ros']
[3.825s] Level 1:colcon.colcon_core.package_identification:_identify(src/usb_cam) by extension 'ros'
[3.918s] DEBUG:colcon.colcon_core.package_identification:Package 'src/usb_cam' with type 'ros.ament_cmake' and name 'usb_cam'
[3.919s] Level 1:colcon.colcon_core.package_discovery:discover_packages(recursive) using defaults
[3.920s] Level 1:colcon.colcon_core.package_discovery:discover_packages(ignore) discover
[3.920s] Level 1:colcon.colcon_core.package_discovery:discover_packages(ignore) using defaults
[3.920s] Level 1:colcon.colcon_core.package_discovery:discover_packages(path) discover
[3.921s] Level 1:colcon.colcon_core.package_discovery:discover_packages(path) using defaults
[4.074s] INFO:colcon.colcon_core.package_selection:Skipping not selected package 'usb_cam' in 'src/usb_cam'
[4.078s] Level 1:colcon.colcon_core.package_discovery:discover_packages(prefix_path) check parameters
[4.079s] Level 1:colcon.colcon_core.package_discovery:discover_packages(prefix_path) discover
[4.095s] DEBUG:colcon.colcon_installed_package_information.package_discovery:Found 2 installed packages in /home/mp4d/ros_camera/install
[4.108s] DEBUG:colcon.colcon_installed_package_information.package_discovery:Found 258 installed packages in /opt/ros/foxy
[4.125s] Level 1:colcon.colcon_core.package_discovery:discover_packages(prefix_path) using defaults
[4.922s] Level 5:colcon.colcon_core.verb:set package 'cam_sub' build argument 'cmake_args' from command line to 'None'
[4.922s] Level 5:colcon.colcon_core.verb:set package 'cam_sub' build argument 'cmake_target' from command line to 'None'
[4.923s] Level 5:colcon.colcon_core.verb:set package 'cam_sub' build argument 'cmake_target_skip_unavailable' from command line to 'False'
[4.923s] Level 5:colcon.colcon_core.verb:set package 'cam_sub' build argument 'cmake_clean_cache' from command line to 'False'
[4.923s] Level 5:colcon.colcon_core.verb:set package 'cam_sub' build argument 'cmake_clean_first' from command line to 'False'
[4.923s] Level 5:colcon.colcon_core.verb:set package 'cam_sub' build argument 'cmake_force_configure' from command line to 'False'
[4.924s] Level 5:colcon.colcon_core.verb:set package 'cam_sub' build argument 'ament_cmake_args' from command line to 'None'
[4.924s] Level 5:colcon.colcon_core.verb:set package 'cam_sub' build argument 'catkin_cmake_args' from command line to 'None'
[4.924s] Level 5:colcon.colcon_core.verb:set package 'cam_sub' build argument 'catkin_skip_building_tests' from command line to 'False'
[4.924s] DEBUG:colcon.colcon_core.verb:Building package 'cam_sub' with the following arguments: {'ament_cmake_args': None, 'build_base': '/home/mp4d/ros_camera/build/cam_sub', 'catkin_cmake_args': None, 'catkin_skip_building_tests': False, 'cmake_args': None, 'cmake_clean_cache': False, 'cmake_clean_first': False, 'cmake_force_configure': False, 'cmake_target': None, 'cmake_target_skip_unavailable': False, 'install_base': '/home/mp4d/ros_camera/install/cam_sub', 'merge_install': False, 'path': '/home/mp4d/ros_camera/src/cam_sub', 'symlink_install': False, 'test_result_base': None}
[4.926s] INFO:colcon.colcon_core.executor:Executing jobs using 'parallel' executor
[4.935s] DEBUG:colcon.colcon_parallel_executor.executor.parallel:run_until_complete
[4.938s] INFO:colcon.colcon_ros.task.ament_cmake.build:Building ROS package in '/home/mp4d/ros_camera/src/cam_sub' with build type 'ament_cmake'
[4.940s] INFO:colcon.colcon_cmake.task.cmake.build:Building CMake package in '/home/mp4d/ros_camera/src/cam_sub'
[4.965s] INFO:colcon.colcon_core.plugin_system:Skipping extension 'colcon_core.shell.bat': Not used on non-Windows systems
[4.968s] INFO:colcon.colcon_core.shell:Skip shell extension 'powershell' for command environment: Not usable outside of PowerShell
[4.968s] DEBUG:colcon.colcon_core.shell:Skip shell extension 'dsv' for command environment
[5.102s] DEBUG:colcon.colcon_core.event_handler.log_command:Invoking command in '/home/mp4d/ros_camera/build/cam_sub': CMAKE_PREFIX_PATH=${CMAKE_PREFIX_PATH}:/opt/ros/foxy /usr/bin/cmake --build /home/mp4d/ros_camera/build/cam_sub -- -j4 -l4
[5.970s] DEBUG:colcon.colcon_core.event_handler.log_command:Invoked command in '/home/mp4d/ros_camera/build/cam_sub' returned '0': CMAKE_PREFIX_PATH=${CMAKE_PREFIX_PATH}:/opt/ros/foxy /usr/bin/cmake --build /home/mp4d/ros_camera/build/cam_sub -- -j4 -l4
[6.277s] DEBUG:colcon.colcon_core.event_handler.log_command:Invoking command in '/home/mp4d/ros_camera/build/cam_sub': CMAKE_PREFIX_PATH=${CMAKE_PREFIX_PATH}:/opt/ros/foxy /usr/bin/cmake --install /home/mp4d/ros_camera/build/cam_sub
[6.396s] Level 1:colcon.colcon_core.environment:create_environment_scripts_only(cam_sub)
[6.405s] DEBUG:colcon.colcon_core.event_handler.log_command:Invoked command in '/home/mp4d/ros_camera/build/cam_sub' returned '0': CMAKE_PREFIX_PATH=${CMAKE_PREFIX_PATH}:/opt/ros/foxy /usr/bin/cmake --install /home/mp4d/ros_camera/build/cam_sub
[6.454s] Level 1:colcon.colcon_core.environment:checking '/home/mp4d/ros_camera/install/cam_sub' for CMake module files
[6.461s] Level 1:colcon.colcon_core.environment:checking '/home/mp4d/ros_camera/install/cam_sub' for CMake config files
[6.463s] Level 1:colcon.colcon_core.shell:create_environment_hook('cam_sub', 'cmake_prefix_path')
[6.467s] INFO:colcon.colcon_core.shell:Creating environment hook '/home/mp4d/ros_camera/install/cam_sub/share/cam_sub/hook/cmake_prefix_path.ps1'
[6.475s] INFO:colcon.colcon_core.shell:Creating environment descriptor '/home/mp4d/ros_camera/install/cam_sub/share/cam_sub/hook/cmake_prefix_path.dsv'
[6.481s] INFO:colcon.colcon_core.shell:Creating environment hook '/home/mp4d/ros_camera/install/cam_sub/share/cam_sub/hook/cmake_prefix_path.sh'
[6.496s] Level 1:colcon.colcon_core.environment:checking '/home/mp4d/ros_camera/install/cam_sub/lib'
[6.500s] Level 1:colcon.colcon_core.environment:checking '/home/mp4d/ros_camera/install/cam_sub/bin'
[6.501s] Level 1:colcon.colcon_core.environment:checking '/home/mp4d/ros_camera/install/cam_sub/lib/pkgconfig/cam_sub.pc'
[6.503s] Level 1:colcon.colcon_core.environment:checking '/home/mp4d/ros_camera/install/cam_sub/lib/python3.8/site-packages'
[6.504s] Level 1:colcon.colcon_core.environment:checking '/home/mp4d/ros_camera/install/cam_sub/bin'
[6.507s] INFO:colcon.colcon_core.shell:Creating package script '/home/mp4d/ros_camera/install/cam_sub/share/cam_sub/package.ps1'
[6.515s] INFO:colcon.colcon_core.shell:Creating package descriptor '/home/mp4d/ros_camera/install/cam_sub/share/cam_sub/package.dsv'
[6.522s] INFO:colcon.colcon_core.shell:Creating package script '/home/mp4d/ros_camera/install/cam_sub/share/cam_sub/package.sh'
[6.533s] INFO:colcon.colcon_core.shell:Creating package script '/home/mp4d/ros_camera/install/cam_sub/share/cam_sub/package.bash'
[6.543s] INFO:colcon.colcon_core.shell:Creating package script '/home/mp4d/ros_camera/install/cam_sub/share/cam_sub/package.zsh'
[6.551s] Level 1:colcon.colcon_core.environment:create_file_with_runtime_dependencies(/home/mp4d/ros_camera/install/cam_sub/share/colcon-core/packages/cam_sub)
[6.747s] Level 1:colcon.colcon_core.environment:create_environment_scripts_only(cam_sub)
[6.751s] Level 1:colcon.colcon_core.environment:checking '/home/mp4d/ros_camera/install/cam_sub' for CMake module files
[6.756s] Level 1:colcon.colcon_core.environment:checking '/home/mp4d/ros_camera/install/cam_sub' for CMake config files
[6.757s] Level 1:colcon.colcon_core.shell:create_environment_hook('cam_sub', 'cmake_prefix_path')
[6.760s] INFO:colcon.colcon_core.shell:Creating environment hook '/home/mp4d/ros_camera/install/cam_sub/share/cam_sub/hook/cmake_prefix_path.ps1'
[6.766s] INFO:colcon.colcon_core.shell:Creating environment descriptor '/home/mp4d/ros_camera/install/cam_sub/share/cam_sub/hook/cmake_prefix_path.dsv'
[6.771s] INFO:colcon.colcon_core.shell:Creating environment hook '/home/mp4d/ros_camera/install/cam_sub/share/cam_sub/hook/cmake_prefix_path.sh'
[6.781s] Level 1:colcon.colcon_core.environment:checking '/home/mp4d/ros_camera/install/cam_sub/lib'
[6.782s] Level 1:colcon.colcon_core.environment:checking '/home/mp4d/ros_camera/install/cam_sub/bin'
[6.784s] Level 1:colcon.colcon_core.environment:checking '/home/mp4d/ros_camera/install/cam_sub/lib/pkgconfig/cam_sub.pc'
[6.787s] Level 1:colcon.colcon_core.environment:checking '/home/mp4d/ros_camera/install/cam_sub/lib/python3.8/site-packages'
[6.790s] Level 1:colcon.colcon_core.environment:checking '/home/mp4d/ros_camera/install/cam_sub/bin'
[6.798s] INFO:colcon.colcon_core.shell:Creating package script '/home/mp4d/ros_camera/install/cam_sub/share/cam_sub/package.ps1'
[6.808s] INFO:colcon.colcon_core.shell:Creating package descriptor '/home/mp4d/ros_camera/install/cam_sub/share/cam_sub/package.dsv'
[6.815s] INFO:colcon.colcon_core.shell:Creating package script '/home/mp4d/ros_camera/install/cam_sub/share/cam_sub/package.sh'
[6.820s] INFO:colcon.colcon_core.shell:Creating package script '/home/mp4d/ros_camera/install/cam_sub/share/cam_sub/package.bash'
[6.827s] INFO:colcon.colcon_core.shell:Creating package script '/home/mp4d/ros_camera/install/cam_sub/share/cam_sub/package.zsh'
[6.833s] Level 1:colcon.colcon_core.environment:create_file_with_runtime_dependencies(/home/mp4d/ros_camera/install/cam_sub/share/colcon-core/packages/cam_sub)
[6.838s] DEBUG:colcon.colcon_parallel_executor.executor.parallel:closing loop
[6.844s] DEBUG:colcon.colcon_parallel_executor.executor.parallel:loop closed
[6.845s] DEBUG:colcon.colcon_parallel_executor.executor.parallel:run_until_complete finished with '0'
[6.851s] DEBUG:colcon.colcon_core.event_reactor:joining thread
[6.913s] INFO:colcon.colcon_core.plugin_system:Skipping extension 'colcon_notification.desktop_notification.notify_send': Could not find 'notify-send'
[6.914s] INFO:colcon.colcon_core.plugin_system:Skipping extension 'colcon_notification.desktop_notification.terminal_notifier': Not used on non-Darwin systems
[6.915s] INFO:colcon.colcon_core.plugin_system:Skipping extension 'colcon_notification.desktop_notification.win32': Not used on non-Windows systems
[6.916s] INFO:colcon.colcon_notification.desktop_notification:Sending desktop notification using 'notify2'
[6.921s] DEBUG:colcon.colcon_notification.desktop_notification.notify2:Failed to initialize notify2: org.freedesktop.DBus.Error.ServiceUnknown: The name org.freedesktop.Notifications was not provided by any .service files
[6.922s] DEBUG:colcon.colcon_core.event_reactor:joined thread
[6.925s] INFO:colcon.colcon_core.shell:Creating prefix script '/home/mp4d/ros_camera/install/local_setup.ps1'
[6.937s] INFO:colcon.colcon_core.shell:Creating prefix util module '/home/mp4d/ros_camera/install/_local_setup_util_ps1.py'
[6.954s] INFO:colcon.colcon_core.shell:Creating prefix chain script '/home/mp4d/ros_camera/install/setup.ps1'
[6.966s] INFO:colcon.colcon_core.shell:Creating prefix script '/home/mp4d/ros_camera/install/local_setup.sh'
[6.979s] INFO:colcon.colcon_core.shell:Creating prefix util module '/home/mp4d/ros_camera/install/_local_setup_util_sh.py'
[6.988s] INFO:colcon.colcon_core.shell:Creating prefix chain script '/home/mp4d/ros_camera/install/setup.sh'
[7.007s] INFO:colcon.colcon_core.shell:Creating prefix script '/home/mp4d/ros_camera/install/local_setup.bash'
[7.016s] INFO:colcon.colcon_core.shell:Creating prefix chain script '/home/mp4d/ros_camera/install/setup.bash'
[7.028s] INFO:colcon.colcon_core.shell:Creating prefix script '/home/mp4d/ros_camera/install/local_setup.zsh'
[7.036s] INFO:colcon.colcon_core.shell:Creating prefix chain script '/home/mp4d/ros_camera/install/setup.zsh'
