[0.203s] Invoking command in '/home/mp4d/ros_camera/build/cam_sub': CMAKE_PREFIX_PATH=${CMAKE_PREFIX_PATH}:/opt/ros/foxy /usr/bin/cmake --build /home/mp4d/ros_camera/build/cam_sub -- -j4 -l4
[0.682s] make: Warning: File 'Makefile' has modification time 14581777 s in the future
[1.145s] make[1]: Warning: File 'CMakeFiles/Makefile2' has modification time 14581776 s in the future
[1.216s] make[2]: Warning: File 'CMakeFiles/image_subscriber.dir/flags.make' has modification time 14581776 s in the future
[1.485s] make[2]: warning:  Clock skew detected.  Your build may be incomplete.
[1.506s] make[2]: Warning: File 'CMakeFiles/image_subscriber.dir/flags.make' has modification time 14581776 s in the future
[1.615s] make[2]: warning:  Clock skew detected.  Your build may be incomplete.
[1.694s] [100%] Built target image_subscriber
[1.701s] make[1]: warning:  Clock skew detected.  Your build may be incomplete.
[1.779s] make: warning:  Clock skew detected.  Your build may be incomplete.
[1.809s] Invoked command in '/home/mp4d/ros_camera/build/cam_sub' returned '0': CMAKE_PREFIX_PATH=${CMAKE_PREFIX_PATH}:/opt/ros/foxy /usr/bin/cmake --build /home/mp4d/ros_camera/build/cam_sub -- -j4 -l4
[2.280s] Invoking command in '/home/mp4d/ros_camera/build/cam_sub': CMAKE_PREFIX_PATH=${CMAKE_PREFIX_PATH}:/opt/ros/foxy /usr/bin/cmake --install /home/mp4d/ros_camera/build/cam_sub
[2.392s] -- Install configuration: ""
[2.413s] -- Up-to-date: /home/mp4d/ros_camera/install/cam_sub/lib/cam_sub/image_subscriber
[2.419s] -- Up-to-date: /home/mp4d/ros_camera/install/cam_sub/share/ament_index/resource_index/package_run_dependencies/cam_sub
[2.420s] -- Up-to-date: /home/mp4d/ros_camera/install/cam_sub/share/ament_index/resource_index/parent_prefix_path/cam_sub
[2.421s] -- Up-to-date: /home/mp4d/ros_camera/install/cam_sub/share/cam_sub/environment/ament_prefix_path.sh
[2.423s] -- Up-to-date: /home/mp4d/ros_camera/install/cam_sub/share/cam_sub/environment/ament_prefix_path.dsv
[2.424s] -- Up-to-date: /home/mp4d/ros_camera/install/cam_sub/share/cam_sub/environment/path.sh
[2.437s] -- Up-to-date: /home/mp4d/ros_camera/install/cam_sub/share/cam_sub/environment/path.dsv
[2.448s] -- Up-to-date: /home/mp4d/ros_camera/install/cam_sub/share/cam_sub/local_setup.bash
[2.450s] -- Up-to-date: /home/mp4d/ros_camera/install/cam_sub/share/cam_sub/local_setup.sh
[2.450s] -- Up-to-date: /home/mp4d/ros_camera/install/cam_sub/share/cam_sub/local_setup.zsh
[2.451s] -- Up-to-date: /home/mp4d/ros_camera/install/cam_sub/share/cam_sub/local_setup.dsv
[2.452s] -- Installing: /home/mp4d/ros_camera/install/cam_sub/share/cam_sub/package.dsv
[2.454s] -- Up-to-date: /home/mp4d/ros_camera/install/cam_sub/share/ament_index/resource_index/packages/cam_sub
[2.454s] -- Up-to-date: /home/mp4d/ros_camera/install/cam_sub/share/cam_sub/cmake/cam_subConfig.cmake
[2.457s] -- Up-to-date: /home/mp4d/ros_camera/install/cam_sub/share/cam_sub/cmake/cam_subConfig-version.cmake
[2.459s] -- Up-to-date: /home/mp4d/ros_camera/install/cam_sub/share/cam_sub/package.xml
[2.461s] Invoked command in '/home/mp4d/ros_camera/build/cam_sub' returned '0': CMAKE_PREFIX_PATH=${CMAKE_PREFIX_PATH}:/opt/ros/foxy /usr/bin/cmake --install /home/mp4d/ros_camera/build/cam_sub
