[35m[1mScanning dependencies of target image_subscriber[0m
[ 20%] [32mBuilding CXX object CMakeFiles/image_subscriber.dir/src/image_subscriber.cpp.o[0m
In file included from [01m[K/home/mp4d/ros_camera/src/cam_sub/src/image_subscriber.cpp:9[m[K:
[01m[K/home/mp4d/ros_camera/src/cam_sub/src/reserved_mem.hpp:51:6:[m[K [01;35m[Kwarning: [m[Kextra ‘[01m[K;[m[K’ [[01;35m[K-Wpedantic[m[K]
   51 |     }[01;35m[K;[m[K
      |      [01;35m[K^[m[K
      |      [31m[K-[m[K
[01m[K/home/mp4d/ros_camera/src/cam_sub/src/reserved_mem.hpp:68:6:[m[K [01;35m[Kwarning: [m[Kextra ‘[01m[K;[m[K’ [[01;35m[K-Wpedantic[m[K]
   68 |     }[01;35m[K;[m[K
      |      [01;35m[K^[m[K
      |      [31m[K-[m[K
[01m[K/home/mp4d/ros_camera/src/cam_sub/src/image_subscriber.cpp:[m[K In constructor ‘[01m[KImageSubscriber::ImageSubscriber()[m[K’:
[01m[K/home/mp4d/ros_camera/src/cam_sub/src/image_subscriber.cpp:45:10:[m[K [01;35m[Kwarning: [m[Kunused variable ‘[01m[Kbuffer[m[K’ [[01;35m[K-Wunused-variable[m[K]
   45 |      int [01;35m[Kbuffer[m[K[BUFFER_LENGTH];
      |          [01;35m[K^~~~~~[m[K
[01m[K/home/mp4d/ros_camera/src/cam_sub/src/image_subscriber.cpp:[m[K In member function ‘[01m[Kvoid ImageSubscriber::onImageMsg(sensor_msgs::msg::Image_<std::allocator<void> >::SharedPtr)[m[K’:
[01m[K/home/mp4d/ros_camera/src/cam_sub/src/image_subscriber.cpp:122:12:[m[K [01;35m[Kwarning: [m[KISO C++ forbids variable length array ‘[01m[Karr[m[K’ [[01;35m[K-Wvla[m[K]
  122 |   uint32_t [01;35m[Karr[m[K[array.size()];
      |            [01;35m[K^~~[m[K
[01m[K/home/mp4d/ros_camera/src/cam_sub/src/image_subscriber.cpp:135:7:[m[K [01;35m[Kwarning: [m[Kunused variable ‘[01m[Kmem_ret[m[K’ [[01;35m[K-Wunused-variable[m[K]
  135 |   int [01;35m[Kmem_ret[m[K = res_mem.transfer(u_buff, P_OFFSET, sizeof(array));
      |       [01;35m[K^~~~~~~[m[K
[ 40%] [32m[1mLinking CXX executable image_subscriber[0m
[100%] Built target image_subscriber
-- Install configuration: ""
-- Installing: /home/mp4d/ros_camera/install/cam_sub/lib/cam_sub/image_subscriber
-- Set runtime path of "/home/mp4d/ros_camera/install/cam_sub/lib/cam_sub/image_subscriber" to ""
-- Up-to-date: /home/mp4d/ros_camera/install/cam_sub/share/ament_index/resource_index/package_run_dependencies/cam_sub
-- Up-to-date: /home/mp4d/ros_camera/install/cam_sub/share/ament_index/resource_index/parent_prefix_path/cam_sub
-- Up-to-date: /home/mp4d/ros_camera/install/cam_sub/share/cam_sub/environment/ament_prefix_path.sh
-- Up-to-date: /home/mp4d/ros_camera/install/cam_sub/share/cam_sub/environment/ament_prefix_path.dsv
-- Up-to-date: /home/mp4d/ros_camera/install/cam_sub/share/cam_sub/environment/path.sh
-- Up-to-date: /home/mp4d/ros_camera/install/cam_sub/share/cam_sub/environment/path.dsv
-- Up-to-date: /home/mp4d/ros_camera/install/cam_sub/share/cam_sub/local_setup.bash
-- Up-to-date: /home/mp4d/ros_camera/install/cam_sub/share/cam_sub/local_setup.sh
-- Up-to-date: /home/mp4d/ros_camera/install/cam_sub/share/cam_sub/local_setup.zsh
-- Up-to-date: /home/mp4d/ros_camera/install/cam_sub/share/cam_sub/local_setup.dsv
-- Installing: /home/mp4d/ros_camera/install/cam_sub/share/cam_sub/package.dsv
-- Up-to-date: /home/mp4d/ros_camera/install/cam_sub/share/ament_index/resource_index/packages/cam_sub
-- Up-to-date: /home/mp4d/ros_camera/install/cam_sub/share/cam_sub/cmake/cam_subConfig.cmake
-- Up-to-date: /home/mp4d/ros_camera/install/cam_sub/share/cam_sub/cmake/cam_subConfig-version.cmake
-- Up-to-date: /home/mp4d/ros_camera/install/cam_sub/share/cam_sub/package.xml
