[0.086s] Invoking command in '/home/mp4d/ros_camera/build/cam_sub': CMAKE_PREFIX_PATH=/opt/ros/foxy /usr/bin/cmake --build /home/mp4d/ros_camera/build/cam_sub -- -j4 -l4
[0.517s] [35m[1mScanning dependencies of target image_subscriber[0m
[1.291s] [ 20%] [32mBuilding CXX object CMakeFiles/image_subscriber.dir/src/image_subscriber.cpp.o[0m
[18.416s] In file included from [01m[K/home/mp4d/ros_camera/src/cam_sub/src/image_subscriber.cpp:9[m[K:
[18.421s] [01m[K/home/mp4d/ros_camera/src/cam_sub/src/reserved_mem.hpp:51:6:[m[K [01;35m[Kwarning: [m[Kextra ‘[01m[K;[m[K’ [[01;35m[K-Wpedantic[m[K]
[18.422s]    51 |     }[01;35m[K;[m[K
[18.423s]       |      [01;35m[K^[m[K
[18.423s]       |      [31m[K-[m[K
[18.430s] [01m[K/home/mp4d/ros_camera/src/cam_sub/src/reserved_mem.hpp:68:6:[m[K [01;35m[Kwarning: [m[Kextra ‘[01m[K;[m[K’ [[01;35m[K-Wpedantic[m[K]
[18.431s]    68 |     }[01;35m[K;[m[K
[18.431s]       |      [01;35m[K^[m[K
[18.432s]       |      [31m[K-[m[K
[18.719s] [01m[K/home/mp4d/ros_camera/src/cam_sub/src/image_subscriber.cpp:[m[K In constructor ‘[01m[KImageSubscriber::ImageSubscriber()[m[K’:
[18.722s] [01m[K/home/mp4d/ros_camera/src/cam_sub/src/image_subscriber.cpp:45:10:[m[K [01;35m[Kwarning: [m[Kunused variable ‘[01m[Kbuffer[m[K’ [[01;35m[K-Wunused-variable[m[K]
[18.723s]    45 |      int [01;35m[Kbuffer[m[K[BUFFER_LENGTH];
[18.724s]       |          [01;35m[K^~~~~~[m[K
[18.899s] [01m[K/home/mp4d/ros_camera/src/cam_sub/src/image_subscriber.cpp:[m[K In member function ‘[01m[Kvoid ImageSubscriber::onImageMsg(sensor_msgs::msg::Image_<std::allocator<void> >::SharedPtr)[m[K’:
[18.902s] [01m[K/home/mp4d/ros_camera/src/cam_sub/src/image_subscriber.cpp:122:12:[m[K [01;35m[Kwarning: [m[KISO C++ forbids variable length array ‘[01m[Karr[m[K’ [[01;35m[K-Wvla[m[K]
[18.908s]   122 |   uint32_t [01;35m[Karr[m[K[array.size()];
[18.916s]       |            [01;35m[K^~~[m[K
[18.919s] [01m[K/home/mp4d/ros_camera/src/cam_sub/src/image_subscriber.cpp:135:7:[m[K [01;35m[Kwarning: [m[Kunused variable ‘[01m[Kmem_ret[m[K’ [[01;35m[K-Wunused-variable[m[K]
[18.921s]   135 |   int [01;35m[Kmem_ret[m[K = res_mem.transfer(u_buff, P_OFFSET, sizeof(array));
[18.924s]       |       [01;35m[K^~~~~~~[m[K
[55.957s] [ 40%] [32m[1mLinking CXX executable image_subscriber[0m
[65.270s] [100%] Built target image_subscriber
[65.354s] Invoked command in '/home/mp4d/ros_camera/build/cam_sub' returned '0': CMAKE_PREFIX_PATH=/opt/ros/foxy /usr/bin/cmake --build /home/mp4d/ros_camera/build/cam_sub -- -j4 -l4
[65.599s] Invoking command in '/home/mp4d/ros_camera/build/cam_sub': CMAKE_PREFIX_PATH=/opt/ros/foxy /usr/bin/cmake --install /home/mp4d/ros_camera/build/cam_sub
[65.664s] -- Install configuration: ""
[65.669s] -- Installing: /home/mp4d/ros_camera/install/cam_sub/lib/cam_sub/image_subscriber
[65.687s] -- Set runtime path of "/home/mp4d/ros_camera/install/cam_sub/lib/cam_sub/image_subscriber" to ""
[65.704s] -- Up-to-date: /home/mp4d/ros_camera/install/cam_sub/share/ament_index/resource_index/package_run_dependencies/cam_sub
[65.711s] -- Up-to-date: /home/mp4d/ros_camera/install/cam_sub/share/ament_index/resource_index/parent_prefix_path/cam_sub
[65.713s] -- Up-to-date: /home/mp4d/ros_camera/install/cam_sub/share/cam_sub/environment/ament_prefix_path.sh
[65.717s] -- Up-to-date: /home/mp4d/ros_camera/install/cam_sub/share/cam_sub/environment/ament_prefix_path.dsv
[65.733s] -- Up-to-date: /home/mp4d/ros_camera/install/cam_sub/share/cam_sub/environment/path.sh
[65.752s] -- Up-to-date: /home/mp4d/ros_camera/install/cam_sub/share/cam_sub/environment/path.dsv
[65.754s] -- Up-to-date: /home/mp4d/ros_camera/install/cam_sub/share/cam_sub/local_setup.bash
[65.755s] -- Up-to-date: /home/mp4d/ros_camera/install/cam_sub/share/cam_sub/local_setup.sh
[65.756s] -- Up-to-date: /home/mp4d/ros_camera/install/cam_sub/share/cam_sub/local_setup.zsh
[65.763s] -- Up-to-date: /home/mp4d/ros_camera/install/cam_sub/share/cam_sub/local_setup.dsv
[65.774s] -- Installing: /home/mp4d/ros_camera/install/cam_sub/share/cam_sub/package.dsv
[65.777s] -- Up-to-date: /home/mp4d/ros_camera/install/cam_sub/share/ament_index/resource_index/packages/cam_sub
[65.779s] -- Up-to-date: /home/mp4d/ros_camera/install/cam_sub/share/cam_sub/cmake/cam_subConfig.cmake
[65.780s] -- Up-to-date: /home/mp4d/ros_camera/install/cam_sub/share/cam_sub/cmake/cam_subConfig-version.cmake
[65.781s] -- Up-to-date: /home/mp4d/ros_camera/install/cam_sub/share/cam_sub/package.xml
[65.784s] Invoked command in '/home/mp4d/ros_camera/build/cam_sub' returned '0': CMAKE_PREFIX_PATH=/opt/ros/foxy /usr/bin/cmake --install /home/mp4d/ros_camera/build/cam_sub
