[0.144s] Invoking command in '/home/mp4d/ros_camera/build/cam_sub': CMAKE_PREFIX_PATH=${CMAKE_PREFIX_PATH}:/opt/ros/foxy /usr/bin/cmake --build /home/mp4d/ros_camera/build/cam_sub -- -j4 -l4
[0.713s] [35m[1mScanning dependencies of target image_subscriber[0m
[1.043s] [ 50%] [32mBuilding CXX object CMakeFiles/image_subscriber.dir/src/image_subscriber.cpp.o[0m
[23.462s] In file included from [01m[K/home/mp4d/ros_camera/src/cam_sub/src/image_subscriber.cpp:9[m[K:
[23.463s] [01m[K/home/mp4d/ros_camera/src/cam_sub/src/reserved_mem.hpp:51:6:[m[K [01;35m[Kwarning: [m[Kextra ‘[01m[K;[m[K’ [[01;35m[K-Wpedantic[m[K]
[23.464s]    51 |     }[01;35m[K;[m[K
[23.465s]       |      [01;35m[K^[m[K
[23.466s]       |      [31m[K-[m[K
[23.466s] [01m[K/home/mp4d/ros_camera/src/cam_sub/src/reserved_mem.hpp:68:6:[m[K [01;35m[Kwarning: [m[Kextra ‘[01m[K;[m[K’ [[01;35m[K-Wpedantic[m[K]
[23.467s]    68 |     }[01;35m[K;[m[K
[23.467s]       |      [01;35m[K^[m[K
[23.468s]       |      [31m[K-[m[K
[24.036s] [01m[K/home/mp4d/ros_camera/src/cam_sub/src/image_subscriber.cpp:[m[K In member function ‘[01m[Kvoid ImageSubscriber::onImageMsg(sensor_msgs::msg::Image_<std::allocator<void> >::SharedPtr)[m[K’:
[24.038s] [01m[K/home/mp4d/ros_camera/src/cam_sub/src/image_subscriber.cpp:121:12:[m[K [01;35m[Kwarning: [m[KISO C++ forbids variable length array ‘[01m[Karr[m[K’ [[01;35m[K-Wvla[m[K]
[24.039s]   121 |   uint32_t [01;35m[Karr[m[K[array.size()];
[24.039s]       |            [01;35m[K^~~[m[K
[70.393s] [100%] [32m[1mLinking CXX executable image_subscriber[0m
[82.580s] [100%] Built target image_subscriber
[82.673s] Invoked command in '/home/mp4d/ros_camera/build/cam_sub' returned '0': CMAKE_PREFIX_PATH=${CMAKE_PREFIX_PATH}:/opt/ros/foxy /usr/bin/cmake --build /home/mp4d/ros_camera/build/cam_sub -- -j4 -l4
[82.969s] Invoking command in '/home/mp4d/ros_camera/build/cam_sub': CMAKE_PREFIX_PATH=${CMAKE_PREFIX_PATH}:/opt/ros/foxy /usr/bin/cmake --install /home/mp4d/ros_camera/build/cam_sub
[83.066s] -- Install configuration: ""
[83.071s] -- Installing: /home/mp4d/ros_camera/install/cam_sub/lib/cam_sub/image_subscriber
[83.097s] -- Set runtime path of "/home/mp4d/ros_camera/install/cam_sub/lib/cam_sub/image_subscriber" to ""
[83.105s] -- Installing: /home/mp4d/ros_camera/install/cam_sub/share/ament_index/resource_index/package_run_dependencies/cam_sub
[83.111s] -- Installing: /home/mp4d/ros_camera/install/cam_sub/share/ament_index/resource_index/parent_prefix_path/cam_sub
[83.114s] -- Installing: /home/mp4d/ros_camera/install/cam_sub/share/cam_sub/environment/ament_prefix_path.sh
[83.115s] -- Installing: /home/mp4d/ros_camera/install/cam_sub/share/cam_sub/environment/ament_prefix_path.dsv
[83.117s] -- Installing: /home/mp4d/ros_camera/install/cam_sub/share/cam_sub/environment/path.sh
[83.119s] -- Installing: /home/mp4d/ros_camera/install/cam_sub/share/cam_sub/environment/path.dsv
[83.120s] -- Installing: /home/mp4d/ros_camera/install/cam_sub/share/cam_sub/local_setup.bash
[83.123s] -- Installing: /home/mp4d/ros_camera/install/cam_sub/share/cam_sub/local_setup.sh
[83.132s] -- Installing: /home/mp4d/ros_camera/install/cam_sub/share/cam_sub/local_setup.zsh
[83.134s] -- Installing: /home/mp4d/ros_camera/install/cam_sub/share/cam_sub/local_setup.dsv
[83.135s] -- Installing: /home/mp4d/ros_camera/install/cam_sub/share/cam_sub/package.dsv
[83.136s] -- Installing: /home/mp4d/ros_camera/install/cam_sub/share/ament_index/resource_index/packages/cam_sub
[83.137s] -- Installing: /home/mp4d/ros_camera/install/cam_sub/share/cam_sub/cmake/cam_subConfig.cmake
[83.138s] -- Installing: /home/mp4d/ros_camera/install/cam_sub/share/cam_sub/cmake/cam_subConfig-version.cmake
[83.145s] -- Installing: /home/mp4d/ros_camera/install/cam_sub/share/cam_sub/package.xml
[83.160s] Invoked command in '/home/mp4d/ros_camera/build/cam_sub' returned '0': CMAKE_PREFIX_PATH=${CMAKE_PREFIX_PATH}:/opt/ros/foxy /usr/bin/cmake --install /home/mp4d/ros_camera/build/cam_sub
