[0.164s] Invoking command in '/home/mp4d/ros_camera/build/cam_sub': CMAKE_PREFIX_PATH=/opt/ros/foxy /usr/bin/cmake /home/mp4d/ros_camera/src/cam_sub -DCMAKE_INSTALL_PREFIX=/home/mp4d/ros_camera/install/cam_sub
[0.957s] -- The C compiler identification is GNU 9.4.0
[1.735s] -- The CXX compiler identification is GNU 9.4.0
[1.779s] -- Check for working C compiler: /usr/bin/cc
[2.815s] -- Check for working C compiler: /usr/bin/cc -- works
[2.833s] -- Detecting C compiler ABI info
[3.786s] -- Detecting C compiler ABI info - done
[3.903s] -- Detecting C compile features
[3.909s] -- Detecting C compile features - done
[3.959s] -- Check for working CXX compiler: /usr/bin/c++
[4.972s] -- Check for working CXX compiler: /usr/bin/c++ -- works
[4.981s] -- Detecting CXX compiler ABI info
[5.959s] -- Detecting CXX compiler ABI info - done
[6.093s] -- Detecting CXX compile features
[6.099s] -- Detecting CXX compile features - done
[6.138s] -- Found ament_cmake: 0.9.12 (/opt/ros/foxy/share/ament_cmake/cmake)
[6.596s] -- Found PythonInterp: /usr/bin/python3 (found suitable version "3.8.10", minimum required is "3") 
[6.598s] -- Using PYTHON_EXECUTABLE: /usr/bin/python3
[8.980s] -- Found rclcpp: 2.4.3 (/opt/ros/foxy/share/rclcpp/cmake)
[9.323s] -- Using all available rosidl_typesupport_c: rosidl_typesupport_fastrtps_c;rosidl_typesupport_introspection_c
[9.386s] -- Found rosidl_adapter: 1.3.1 (/opt/ros/foxy/share/rosidl_adapter/cmake)
[10.087s] -- Found OpenSSL: /usr/lib/aarch64-linux-gnu/libcrypto.so (found version "1.1.1f")  
[10.339s] -- Found FastRTPS: /opt/ros/foxy/include  
[11.020s] -- Using all available rosidl_typesupport_cpp: rosidl_typesupport_fastrtps_cpp;rosidl_typesupport_introspection_cpp
[11.565s] -- Found rmw_implementation_cmake: 1.0.4 (/opt/ros/foxy/share/rmw_implementation_cmake/cmake)
[11.581s] -- Using RMW implementation 'rmw_fastrtps_cpp' as default
[11.586s] -- Looking for pthread.h
[12.511s] -- Looking for pthread.h - found
[12.514s] -- Performing Test CMAKE_HAVE_LIBC_PTHREAD
[13.465s] -- Performing Test CMAKE_HAVE_LIBC_PTHREAD - Failed
[13.483s] -- Looking for pthread_create in pthreads
[14.113s] -- Looking for pthread_create in pthreads - not found
[14.117s] -- Looking for pthread_create in pthread
[15.111s] -- Looking for pthread_create in pthread - found
[15.118s] -- Found Threads: TRUE  
[16.707s] -- Found sensor_msgs: 2.0.5 (/opt/ros/foxy/share/sensor_msgs/cmake)
[17.884s] -- Found OpenCV: /usr (found version "4.2.0") 
[17.892s] -- Found cv_bridge: 3.0.7 (/opt/ros/foxy/share/cv_bridge/cmake)
[18.893s] -- Configuring done
[19.067s] -- Generating done
[19.082s] -- Build files have been written to: /home/mp4d/ros_camera/build/cam_sub
[19.237s] Invoked command in '/home/mp4d/ros_camera/build/cam_sub' returned '0': CMAKE_PREFIX_PATH=/opt/ros/foxy /usr/bin/cmake /home/mp4d/ros_camera/src/cam_sub -DCMAKE_INSTALL_PREFIX=/home/mp4d/ros_camera/install/cam_sub
[19.245s] Invoking command in '/home/mp4d/ros_camera/build/cam_sub': CMAKE_PREFIX_PATH=/opt/ros/foxy /usr/bin/cmake --build /home/mp4d/ros_camera/build/cam_sub -- -j4 -l4
[19.648s] [35m[1mScanning dependencies of target image_subscriber[0m
[19.988s] [ 33%] [32mBuilding C object CMakeFiles/image_subscriber.dir/src/ximage_processing.c.o[0m
[20.019s] [ 66%] [32mBuilding CXX object CMakeFiles/image_subscriber.dir/src/image_subscriber.cpp.o[0m
[49.038s] In file included from [01m[K/home/mp4d/ros_camera/src/cam_sub/src/image_subscriber.cpp:9[m[K:
[49.040s] [01m[K/home/mp4d/ros_camera/src/cam_sub/src/reserved_mem.hpp:51:6:[m[K [01;35m[Kwarning: [m[Kextra ‘[01m[K;[m[K’ [[01;35m[K-Wpedantic[m[K]
[49.049s]    51 |     }[01;35m[K;[m[K
[49.064s]       |      [01;35m[K^[m[K
[49.072s]       |      [31m[K-[m[K
[49.089s] [01m[K/home/mp4d/ros_camera/src/cam_sub/src/reserved_mem.hpp:68:6:[m[K [01;35m[Kwarning: [m[Kextra ‘[01m[K;[m[K’ [[01;35m[K-Wpedantic[m[K]
[49.101s]    68 |     }[01;35m[K;[m[K
[49.112s]       |      [01;35m[K^[m[K
[49.132s]       |      [31m[K-[m[K
[49.476s] [01m[K/home/mp4d/ros_camera/src/cam_sub/src/image_subscriber.cpp:[m[K In constructor ‘[01m[KImageSubscriber::ImageSubscriber()[m[K’:
[49.478s] [01m[K/home/mp4d/ros_camera/src/cam_sub/src/image_subscriber.cpp:45:10:[m[K [01;35m[Kwarning: [m[Kunused variable ‘[01m[Kbuffer[m[K’ [[01;35m[K-Wunused-variable[m[K]
[49.480s]    45 |      int [01;35m[Kbuffer[m[K[BUFFER_LENGTH];
[49.482s]       |          [01;35m[K^~~~~~[m[K
[49.736s] [01m[K/home/mp4d/ros_camera/src/cam_sub/src/image_subscriber.cpp:[m[K In member function ‘[01m[Kvoid ImageSubscriber::onImageMsg(sensor_msgs::msg::Image_<std::allocator<void> >::SharedPtr)[m[K’:
[49.737s] [01m[K/home/mp4d/ros_camera/src/cam_sub/src/image_subscriber.cpp:122:12:[m[K [01;35m[Kwarning: [m[KISO C++ forbids variable length array ‘[01m[Karr[m[K’ [[01;35m[K-Wvla[m[K]
[49.739s]   122 |   uint32_t [01;35m[Karr[m[K[array.size()];
[49.746s]       |            [01;35m[K^~~[m[K
[111.458s] [100%] [32m[1mLinking CXX executable image_subscriber[0m
[123.723s] /usr/bin/ld: CMakeFiles/image_subscriber.dir/src/image_subscriber.cpp.o: in function `ImageSubscriber::onImageMsg(std::shared_ptr<sensor_msgs::msg::Image_<std::allocator<void> > >)':
[123.725s] image_subscriber.cpp:(.text._ZN15ImageSubscriber10onImageMsgESt10shared_ptrIN11sensor_msgs3msg6Image_ISaIvEEEE[_ZN15ImageSubscriber10onImageMsgESt10shared_ptrIN11sensor_msgs3msg6Image_ISaIvEEEE]+0x6b8): undefined reference to `XImage_processing_Initialize'
[123.730s] collect2: error: ld returned 1 exit status
[123.740s] make[2]: *** [CMakeFiles/image_subscriber.dir/build.make:210: image_subscriber] Error 1
[123.743s] make[1]: *** [CMakeFiles/Makefile2:78: CMakeFiles/image_subscriber.dir/all] Error 2
[123.744s] make: *** [Makefile:141: all] Error 2
[123.778s] Invoked command in '/home/mp4d/ros_camera/build/cam_sub' returned '2': CMAKE_PREFIX_PATH=/opt/ros/foxy /usr/bin/cmake --build /home/mp4d/ros_camera/build/cam_sub -- -j4 -l4
