[0.085s] Invoking command in '/home/mp4d/ros_camera/build/cam_sub': CMAKE_PREFIX_PATH=/opt/ros/foxy /usr/bin/cmake /home/mp4d/ros_camera/src/cam_sub -DCMAKE_INSTALL_PREFIX=/home/mp4d/ros_camera/install/cam_sub
[0.945s] -- The C compiler identification is GNU 9.4.0
[1.562s] -- The CXX compiler identification is GNU 9.4.0
[1.603s] -- Check for working C compiler: /usr/bin/cc
[2.352s] -- Check for working C compiler: /usr/bin/cc -- works
[2.367s] -- Detecting C compiler ABI info
[3.091s] -- Detecting C compiler ABI info - done
[3.196s] -- Detecting C compile features
[3.200s] -- Detecting C compile features - done
[3.226s] -- Check for working CXX compiler: /usr/bin/c++
[3.971s] -- Check for working CXX compiler: /usr/bin/c++ -- works
[3.979s] -- Detecting CXX compiler ABI info
[4.736s] -- Detecting CXX compiler ABI info - done
[4.831s] -- Detecting CXX compile features
[4.835s] -- Detecting CXX compile features - done
[4.854s] -- Found ament_cmake: 0.9.12 (/opt/ros/foxy/share/ament_cmake/cmake)
[5.048s] -- Found PythonInterp: /usr/bin/python3 (found suitable version "3.8.10", minimum required is "3") 
[5.049s] -- Using PYTHON_EXECUTABLE: /usr/bin/python3
[6.700s] -- Found rclcpp: 2.4.3 (/opt/ros/foxy/share/rclcpp/cmake)
[7.050s] -- Using all available rosidl_typesupport_c: rosidl_typesupport_fastrtps_c;rosidl_typesupport_introspection_c
[7.100s] -- Found rosidl_adapter: 1.3.1 (/opt/ros/foxy/share/rosidl_adapter/cmake)
[7.632s] -- Found OpenSSL: /usr/lib/aarch64-linux-gnu/libcrypto.so (found version "1.1.1f")  
[7.809s] -- Found FastRTPS: /opt/ros/foxy/include  
[8.304s] -- Using all available rosidl_typesupport_cpp: rosidl_typesupport_fastrtps_cpp;rosidl_typesupport_introspection_cpp
[8.731s] -- Found rmw_implementation_cmake: 1.0.4 (/opt/ros/foxy/share/rmw_implementation_cmake/cmake)
[8.741s] -- Using RMW implementation 'rmw_fastrtps_cpp' as default
[8.749s] -- Looking for pthread.h
[9.417s] -- Looking for pthread.h - found
[9.419s] -- Performing Test CMAKE_HAVE_LIBC_PTHREAD
[10.110s] -- Performing Test CMAKE_HAVE_LIBC_PTHREAD - Failed
[10.112s] -- Looking for pthread_create in pthreads
[10.591s] -- Looking for pthread_create in pthreads - not found
[10.593s] -- Looking for pthread_create in pthread
[11.343s] -- Looking for pthread_create in pthread - found
[11.354s] -- Found Threads: TRUE  
[12.880s] -- Found sensor_msgs: 2.0.5 (/opt/ros/foxy/share/sensor_msgs/cmake)
[14.030s] -- Found OpenCV: /usr (found version "4.2.0") 
[14.042s] -- Found cv_bridge: 3.0.7 (/opt/ros/foxy/share/cv_bridge/cmake)
[14.863s] -- Configuring done
[15.029s] -- Generating done
[15.041s] -- Build files have been written to: /home/mp4d/ros_camera/build/cam_sub
[15.138s] Invoked command in '/home/mp4d/ros_camera/build/cam_sub' returned '0': CMAKE_PREFIX_PATH=/opt/ros/foxy /usr/bin/cmake /home/mp4d/ros_camera/src/cam_sub -DCMAKE_INSTALL_PREFIX=/home/mp4d/ros_camera/install/cam_sub
[15.153s] Invoking command in '/home/mp4d/ros_camera/build/cam_sub': CMAKE_PREFIX_PATH=/opt/ros/foxy /usr/bin/cmake --build /home/mp4d/ros_camera/build/cam_sub -- -j4 -l4
[15.419s] -- Found ament_cmake: 0.9.12 (/opt/ros/foxy/share/ament_cmake/cmake)
[15.658s] -- Using PYTHON_EXECUTABLE: /usr/bin/python3
[17.162s] -- Found rclcpp: 2.4.3 (/opt/ros/foxy/share/rclcpp/cmake)
[17.372s] -- Using all available rosidl_typesupport_c: rosidl_typesupport_fastrtps_c;rosidl_typesupport_introspection_c
[17.397s] -- Found rosidl_adapter: 1.3.1 (/opt/ros/foxy/share/rosidl_adapter/cmake)
[18.147s] -- Using all available rosidl_typesupport_cpp: rosidl_typesupport_fastrtps_cpp;rosidl_typesupport_introspection_cpp
[18.591s] -- Found rmw_implementation_cmake: 1.0.4 (/opt/ros/foxy/share/rmw_implementation_cmake/cmake)
[18.603s] -- Using RMW implementation 'rmw_fastrtps_cpp' as default
[19.893s] -- Found sensor_msgs: 2.0.5 (/opt/ros/foxy/share/sensor_msgs/cmake)
[20.957s] -- Found cv_bridge: 3.0.7 (/opt/ros/foxy/share/cv_bridge/cmake)
[21.698s] -- Configuring done
[21.840s] -- Generating done
[21.853s] -- Build files have been written to: /home/mp4d/ros_camera/build/cam_sub
[22.071s] [35m[1mScanning dependencies of target image_subscriber[0m
[22.412s] make[2]: Warning: File '/home/mp4d/ros_camera/src/cam_sub/src/image_subscriber.cpp' has modification time 15095529 s in the future
[22.537s] [ 33%] [32mBuilding CXX object CMakeFiles/image_subscriber.dir/src/image_subscriber.cpp.o[0m
[22.574s] [ 66%] [32mBuilding C object CMakeFiles/image_subscriber.dir/src/ximage_processing.c.o[0m
[39.316s] In file included from [01m[K/home/mp4d/ros_camera/src/cam_sub/src/image_subscriber.cpp:9[m[K:
[39.317s] [01m[K/home/mp4d/ros_camera/src/cam_sub/src/reserved_mem.hpp:51:6:[m[K [01;35m[Kwarning: [m[Kextra ‘[01m[K;[m[K’ [[01;35m[K-Wpedantic[m[K]
[39.318s]    51 |     }[01;35m[K;[m[K
[39.326s]       |      [01;35m[K^[m[K
[39.334s]       |      [31m[K-[m[K
[39.335s] [01m[K/home/mp4d/ros_camera/src/cam_sub/src/reserved_mem.hpp:68:6:[m[K [01;35m[Kwarning: [m[Kextra ‘[01m[K;[m[K’ [[01;35m[K-Wpedantic[m[K]
[39.336s]    68 |     }[01;35m[K;[m[K
[39.336s]       |      [01;35m[K^[m[K
[39.337s]       |      [31m[K-[m[K
[39.626s] [01m[K/home/mp4d/ros_camera/src/cam_sub/src/image_subscriber.cpp:[m[K In constructor ‘[01m[KImageSubscriber::ImageSubscriber()[m[K’:
[39.627s] [01m[K/home/mp4d/ros_camera/src/cam_sub/src/image_subscriber.cpp:45:10:[m[K [01;35m[Kwarning: [m[Kunused variable ‘[01m[Kbuffer[m[K’ [[01;35m[K-Wunused-variable[m[K]
[39.628s]    45 |      int [01;35m[Kbuffer[m[K[BUFFER_LENGTH];
[39.628s]       |          [01;35m[K^~~~~~[m[K
[39.803s] [01m[K/home/mp4d/ros_camera/src/cam_sub/src/image_subscriber.cpp:[m[K In member function ‘[01m[Kvoid ImageSubscriber::onImageMsg(sensor_msgs::msg::Image_<std::allocator<void> >::SharedPtr)[m[K’:
[39.810s] [01m[K/home/mp4d/ros_camera/src/cam_sub/src/image_subscriber.cpp:122:12:[m[K [01;35m[Kwarning: [m[KISO C++ forbids variable length array ‘[01m[Karr[m[K’ [[01;35m[K-Wvla[m[K]
[39.811s]   122 |   uint32_t [01;35m[Karr[m[K[array.size()];
[39.812s]       |            [01;35m[K^~~[m[K
[77.306s] [100%] [32m[1mLinking CXX executable image_subscriber[0m
[88.119s] /usr/bin/ld: CMakeFiles/image_subscriber.dir/src/image_subscriber.cpp.o: in function `ImageSubscriber::onImageMsg(std::shared_ptr<sensor_msgs::msg::Image_<std::allocator<void> > >)':
[88.120s] image_subscriber.cpp:(.text._ZN15ImageSubscriber10onImageMsgESt10shared_ptrIN11sensor_msgs3msg6Image_ISaIvEEEE[_ZN15ImageSubscriber10onImageMsgESt10shared_ptrIN11sensor_msgs3msg6Image_ISaIvEEEE]+0x6b8): undefined reference to `XImage_processing_Initialize'
[88.121s] collect2: error: ld returned 1 exit status
[88.133s] make[2]: *** [CMakeFiles/image_subscriber.dir/build.make:210: image_subscriber] Error 1
[88.135s] make[1]: *** [CMakeFiles/Makefile2:78: CMakeFiles/image_subscriber.dir/all] Error 2
[88.140s] make: *** [Makefile:141: all] Error 2
[88.158s] Invoked command in '/home/mp4d/ros_camera/build/cam_sub' returned '2': CMAKE_PREFIX_PATH=/opt/ros/foxy /usr/bin/cmake --build /home/mp4d/ros_camera/build/cam_sub -- -j4 -l4
