[0.119s] Invoking command in '/home/mp4d/ros_camera/build/usb_cam': CMAKE_PREFIX_PATH=${CMAKE_PREFIX_PATH}:/opt/ros/foxy /usr/bin/cmake /home/mp4d/ros_camera/src/usb_cam -DCMAKE_INSTALL_PREFIX=/home/mp4d/ros_camera/install/usb_cam
[1.508s] -- The C compiler identification is GNU 9.4.0
[2.070s] -- The CXX compiler identification is GNU 9.4.0
[2.115s] -- Check for working C compiler: /usr/bin/cc
[2.743s] -- Check for working C compiler: /usr/bin/cc -- works
[2.759s] -- Detecting C compiler ABI info
[3.428s] -- Detecting C compiler ABI info - done
[3.517s] -- Detecting C compile features
[3.520s] -- Detecting C compile features - done
[3.543s] -- Check for working CXX compiler: /usr/bin/c++
[4.219s] -- Check for working CXX compiler: /usr/bin/c++ -- works
[4.230s] -- Detecting CXX compiler ABI info
[4.944s] -- Detecting CXX compiler ABI info - done
[5.045s] -- Detecting CXX compile features
[5.049s] -- Detecting CXX compile features - done
[5.068s] -- Found ament_cmake_auto: 0.9.12 (/opt/ros/foxy/share/ament_cmake_auto/cmake)
[5.367s] -- Found PythonInterp: /usr/bin/python3 (found suitable version "3.8.10", minimum required is "3") 
[5.369s] -- Using PYTHON_EXECUTABLE: /usr/bin/python3
[8.241s] -- Using all available rosidl_typesupport_c: rosidl_typesupport_fastrtps_c;rosidl_typesupport_introspection_c
[8.282s] -- Found rosidl_adapter: 1.3.1 (/opt/ros/foxy/share/rosidl_adapter/cmake)
[8.765s] -- Found OpenSSL: /usr/lib/aarch64-linux-gnu/libcrypto.so (found version "1.1.1f")  
[8.950s] -- Found FastRTPS: /opt/ros/foxy/include  
[9.456s] -- Using all available rosidl_typesupport_cpp: rosidl_typesupport_fastrtps_cpp;rosidl_typesupport_introspection_cpp
[9.911s] -- Found rmw_implementation_cmake: 1.0.4 (/opt/ros/foxy/share/rmw_implementation_cmake/cmake)
[9.923s] -- Using RMW implementation 'rmw_fastrtps_cpp' as default
[9.930s] -- Looking for pthread.h
[10.626s] -- Looking for pthread.h - found
[10.628s] -- Performing Test CMAKE_HAVE_LIBC_PTHREAD
[11.271s] -- Performing Test CMAKE_HAVE_LIBC_PTHREAD - Failed
[11.273s] -- Looking for pthread_create in pthreads
[11.722s] -- Looking for pthread_create in pthreads - not found
[11.724s] -- Looking for pthread_create in pthread
[12.427s] -- Looking for pthread_create in pthread - found
[12.434s] -- Found Threads: TRUE  
[15.928s] -- Setting yaml-cpp_DIR to: '/opt/ros/foxy/share/yaml_cpp_vendor/cmake/../../../opt/yaml_cpp_vendor/lib/cmake/yaml-cpp'
[17.023s] -- Found OpenCV: /usr (found version "4.2.0") 
[17.061s] -- Found PkgConfig: /usr/bin/pkg-config (found version "0.29.1") 
[17.074s] -- Checking for module 'libavcodec'
[17.232s] --   Found libavcodec, version 58.54.100
[17.544s] -- Checking for module 'libavutil'
[17.655s] --   Found libavutil, version 56.31.100
[17.900s] -- Checking for module 'libswscale'
[18.006s] --   Found libswscale, version 5.5.100
[18.796s] -- Found ament_lint_auto: 0.9.8 (/opt/ros/foxy/share/ament_lint_auto/cmake)
[18.975s] -- Found gtest sources under '/opt/ros/foxy/src/gtest_vendor': C++ tests using 'Google Test' will be built
[18.999s] -- Check if compiler accepts -pthread
[19.676s] -- Check if compiler accepts -pthread - yes
[19.754s] -- Added test 'copyright' to check source files copyright and LICENSE
[19.790s] -- Added test 'cppcheck' to perform static code analysis on C / C++ code
[19.793s] -- Configured cppcheck include dirs: /home/mp4d/ros_camera/src/usb_cam/include
[19.795s] -- Configured cppcheck exclude dirs and/or files: 
[19.822s] -- Added test 'cpplint' to check C / C++ code against the Google style
[19.823s] -- Configured cpplint exclude dirs and/or files: 
[19.833s] -- Added test 'flake8' to check Python code syntax and style conventions
[19.846s] -- Added test 'lint_cmake' to check CMake code style
[19.858s] -- Added test 'pep257' to check Python code against some of the style conventions in PEP 257
[19.887s] -- Added test 'uncrustify' to check C / C++ code style
[19.888s] -- Configured uncrustify additional arguments: 
[19.898s] -- Added test 'xmllint' to check XML markup files
[19.939s] -- Configuring done
[20.358s] -- Generating done
[20.381s] -- Build files have been written to: /home/mp4d/ros_camera/build/usb_cam
[20.550s] Invoked command in '/home/mp4d/ros_camera/build/usb_cam' returned '0': CMAKE_PREFIX_PATH=${CMAKE_PREFIX_PATH}:/opt/ros/foxy /usr/bin/cmake /home/mp4d/ros_camera/src/usb_cam -DCMAKE_INSTALL_PREFIX=/home/mp4d/ros_camera/install/usb_cam
[20.569s] Invoking command in '/home/mp4d/ros_camera/build/usb_cam': CMAKE_PREFIX_PATH=${CMAKE_PREFIX_PATH}:/opt/ros/foxy /usr/bin/cmake --build /home/mp4d/ros_camera/build/usb_cam -- -j4 -l4
[20.906s] [35m[1mScanning dependencies of target gtest[0m
[20.917s] [35m[1mScanning dependencies of target gtest_main[0m
[20.934s] [35m[1mScanning dependencies of target usb_cam[0m
[20.956s] [35m[1mScanning dependencies of target usb_cam_node_exe[0m
[21.248s] [  7%] [32mBuilding CXX object gtest/CMakeFiles/gtest_main.dir/src/gtest_main.cc.o[0m
[21.295s] [ 21%] [32mBuilding CXX object gtest/CMakeFiles/gtest.dir/src/gtest-all.cc.o[0m
[21.297s] [ 21%] [32mBuilding CXX object CMakeFiles/usb_cam.dir/src/usb_cam.cpp.o[0m
[21.377s] [ 28%] [32mBuilding CXX object CMakeFiles/usb_cam_node_exe.dir/rclcpp_components/node_main_usb_cam_node_exe.cpp.o[0m
[56.175s] [ 35%] [32m[1mLinking CXX static library libgtest_main.a[0m
[56.988s] [ 35%] Built target gtest_main
[59.044s] [ 42%] [32m[1mLinking CXX shared library libusb_cam.so[0m
[59.188s] [ 50%] [32m[1mLinking CXX executable usb_cam_node_exe[0m
[62.775s] [ 50%] Built target usb_cam_node_exe
[63.157s] [ 50%] Built target usb_cam
[83.596s] [ 57%] [32m[1mLinking CXX static library libgtest.a[0m
[84.067s] [ 57%] Built target gtest
[84.261s] [35m[1mScanning dependencies of target usb_cam_node[0m
[85.351s] [ 64%] [32mBuilding CXX object CMakeFiles/usb_cam_node.dir/src/ros2/usb_cam_node.cpp.o[0m
[141.671s] [ 71%] [32m[1mLinking CXX shared library libusb_cam_node.so[0m
[149.005s] [ 71%] Built target usb_cam_node
[149.086s] [35m[1mScanning dependencies of target test_pixel_formats[0m
[149.087s] [35m[1mScanning dependencies of target test_usb_cam_utils[0m
[149.222s] [ 78%] [32mBuilding CXX object CMakeFiles/test_usb_cam_utils.dir/test/test_usb_cam_utils.cpp.o[0m
[149.353s] [ 85%] [32mBuilding CXX object CMakeFiles/test_pixel_formats.dir/test/test_pixel_formats.cpp.o[0m
[172.409s] [ 92%] [32m[1mLinking CXX executable test_usb_cam_utils[0m
[174.940s] [ 92%] Built target test_usb_cam_utils
[180.183s] [100%] [32m[1mLinking CXX executable test_pixel_formats[0m
[182.211s] [100%] Built target test_pixel_formats
[182.295s] Invoked command in '/home/mp4d/ros_camera/build/usb_cam' returned '0': CMAKE_PREFIX_PATH=${CMAKE_PREFIX_PATH}:/opt/ros/foxy /usr/bin/cmake --build /home/mp4d/ros_camera/build/usb_cam -- -j4 -l4
[182.483s] Invoking command in '/home/mp4d/ros_camera/build/usb_cam': CMAKE_PREFIX_PATH=${CMAKE_PREFIX_PATH}:/opt/ros/foxy /usr/bin/cmake --install /home/mp4d/ros_camera/build/usb_cam
[182.548s] -- Install configuration: ""
[182.551s] -- Installing: /home/mp4d/ros_camera/install/usb_cam/share/usb_cam/environment/library_path.sh
[182.554s] -- Installing: /home/mp4d/ros_camera/install/usb_cam/share/usb_cam/environment/library_path.dsv
[182.556s] -- Installing: /home/mp4d/ros_camera/install/usb_cam/lib/usb_cam/usb_cam_node_exe
[182.560s] -- Set runtime path of "/home/mp4d/ros_camera/install/usb_cam/lib/usb_cam/usb_cam_node_exe" to ""
[182.561s] -- Installing: /home/mp4d/ros_camera/install/usb_cam/lib/usb_cam/show_image.py
[182.563s] -- Installing: /home/mp4d/ros_camera/install/usb_cam/lib/libusb_cam.so
[182.570s] -- Installing: /home/mp4d/ros_camera/install/usb_cam/lib/libusb_cam_node.so
[182.592s] -- Set runtime path of "/home/mp4d/ros_camera/install/usb_cam/lib/libusb_cam_node.so" to ""
[182.594s] -- Installing: /home/mp4d/ros_camera/install/usb_cam/include
[182.595s] -- Installing: /home/mp4d/ros_camera/install/usb_cam/include/usb_cam
[182.596s] -- Installing: /home/mp4d/ros_camera/install/usb_cam/include/usb_cam/formats
[182.596s] -- Installing: /home/mp4d/ros_camera/install/usb_cam/include/usb_cam/formats/mjpeg.hpp
[182.597s] -- Installing: /home/mp4d/ros_camera/install/usb_cam/include/usb_cam/formats/av_pixel_format_helper.hpp
[182.598s] -- Installing: /home/mp4d/ros_camera/install/usb_cam/include/usb_cam/formats/m420.hpp
[182.600s] -- Installing: /home/mp4d/ros_camera/install/usb_cam/include/usb_cam/formats/utils.hpp
[182.601s] -- Installing: /home/mp4d/ros_camera/install/usb_cam/include/usb_cam/formats/rgb.hpp
[182.602s] -- Installing: /home/mp4d/ros_camera/install/usb_cam/include/usb_cam/formats/mono.hpp
[182.602s] -- Installing: /home/mp4d/ros_camera/install/usb_cam/include/usb_cam/formats/yuyv.hpp
[182.603s] -- Installing: /home/mp4d/ros_camera/install/usb_cam/include/usb_cam/formats/uyvy.hpp
[182.603s] -- Installing: /home/mp4d/ros_camera/install/usb_cam/include/usb_cam/formats/pixel_format_base.hpp
[182.604s] -- Installing: /home/mp4d/ros_camera/install/usb_cam/include/usb_cam/conversions.hpp
[182.604s] -- Installing: /home/mp4d/ros_camera/install/usb_cam/include/usb_cam/usb_cam_node.hpp
[182.605s] -- Installing: /home/mp4d/ros_camera/install/usb_cam/include/usb_cam/constants.hpp
[182.606s] -- Installing: /home/mp4d/ros_camera/install/usb_cam/include/usb_cam/utils.hpp
[182.607s] -- Installing: /home/mp4d/ros_camera/install/usb_cam/include/usb_cam/usb_cam.hpp
[182.608s] -- Up-to-date: /home/mp4d/ros_camera/install/usb_cam/lib/libusb_cam_node.so
[182.608s] -- Installing: /home/mp4d/ros_camera/install/usb_cam/share/usb_cam/launch
[182.609s] -- Installing: /home/mp4d/ros_camera/install/usb_cam/share/usb_cam/launch/camera.launch.py
[182.614s] -- Installing: /home/mp4d/ros_camera/install/usb_cam/share/usb_cam/launch/__init__.py
[182.614s] -- Installing: /home/mp4d/ros_camera/install/usb_cam/share/usb_cam/launch/camera_config.py
[182.616s] -- Installing: /home/mp4d/ros_camera/install/usb_cam/share/usb_cam/config
[182.617s] -- Installing: /home/mp4d/ros_camera/install/usb_cam/share/usb_cam/config/params_2.yaml
[182.618s] -- Installing: /home/mp4d/ros_camera/install/usb_cam/share/usb_cam/config/camera_info.yaml
[182.619s] -- Installing: /home/mp4d/ros_camera/install/usb_cam/share/usb_cam/config/params_1.yaml
[182.624s] -- Installing: /home/mp4d/ros_camera/install/usb_cam/share/ament_index/resource_index/package_run_dependencies/usb_cam
[182.626s] -- Installing: /home/mp4d/ros_camera/install/usb_cam/share/ament_index/resource_index/parent_prefix_path/usb_cam
[182.627s] -- Installing: /home/mp4d/ros_camera/install/usb_cam/share/usb_cam/environment/ament_prefix_path.sh
[182.628s] -- Installing: /home/mp4d/ros_camera/install/usb_cam/share/usb_cam/environment/ament_prefix_path.dsv
[182.629s] -- Installing: /home/mp4d/ros_camera/install/usb_cam/share/usb_cam/environment/path.sh
[182.630s] -- Installing: /home/mp4d/ros_camera/install/usb_cam/share/usb_cam/environment/path.dsv
[182.631s] -- Installing: /home/mp4d/ros_camera/install/usb_cam/share/usb_cam/local_setup.bash
[182.633s] -- Installing: /home/mp4d/ros_camera/install/usb_cam/share/usb_cam/local_setup.sh
[182.634s] -- Installing: /home/mp4d/ros_camera/install/usb_cam/share/usb_cam/local_setup.zsh
[182.635s] -- Installing: /home/mp4d/ros_camera/install/usb_cam/share/usb_cam/local_setup.dsv
[182.637s] -- Installing: /home/mp4d/ros_camera/install/usb_cam/share/usb_cam/package.dsv
[182.639s] -- Installing: /home/mp4d/ros_camera/install/usb_cam/share/ament_index/resource_index/packages/usb_cam
[182.640s] -- Installing: /home/mp4d/ros_camera/install/usb_cam/share/ament_index/resource_index/rclcpp_components/usb_cam
[182.643s] -- Installing: /home/mp4d/ros_camera/install/usb_cam/share/usb_cam/cmake/ament_cmake_export_libraries-extras.cmake
[182.645s] -- Installing: /home/mp4d/ros_camera/install/usb_cam/share/usb_cam/cmake/ament_cmake_export_dependencies-extras.cmake
[182.647s] -- Installing: /home/mp4d/ros_camera/install/usb_cam/share/usb_cam/cmake/ament_cmake_export_include_directories-extras.cmake
[182.649s] -- Installing: /home/mp4d/ros_camera/install/usb_cam/share/usb_cam/cmake/usb_camConfig.cmake
[182.650s] -- Installing: /home/mp4d/ros_camera/install/usb_cam/share/usb_cam/cmake/usb_camConfig-version.cmake
[182.653s] -- Installing: /home/mp4d/ros_camera/install/usb_cam/share/usb_cam/package.xml
[182.673s] Invoked command in '/home/mp4d/ros_camera/build/usb_cam' returned '0': CMAKE_PREFIX_PATH=${CMAKE_PREFIX_PATH}:/opt/ros/foxy /usr/bin/cmake --install /home/mp4d/ros_camera/build/usb_cam
