[0.206s] Invoking command in '/home/mp4d/ros_camera/build/cam_sub': CMAKE_PREFIX_PATH=${CMAKE_PREFIX_PATH}:/opt/ros/foxy /usr/bin/cmake /home/mp4d/ros_camera/src/cam_sub -DCMAKE_INSTALL_PREFIX=/home/mp4d/ros_camera/install/cam_sub
[1.638s] -- The C compiler identification is GNU 9.4.0
[2.752s] -- The CXX compiler identification is GNU 9.4.0
[2.801s] -- Check for working C compiler: /usr/bin/cc
[3.988s] -- Check for working C compiler: /usr/bin/cc -- works
[4.010s] -- Detecting C compiler ABI info
[5.427s] -- Detecting C compiler ABI info - done
[5.648s] -- Detecting C compile features
[5.660s] -- Detecting C compile features - done
[5.690s] -- Check for working CXX compiler: /usr/bin/c++
[7.124s] -- Check for working CXX compiler: /usr/bin/c++ -- works
[7.137s] -- Detecting CXX compiler ABI info
[8.369s] -- Detecting CXX compiler ABI info - done
[8.499s] -- Detecting CXX compile features
[8.507s] -- Detecting CXX compile features - done
[8.557s] -- Found ament_cmake: 0.9.12 (/opt/ros/foxy/share/ament_cmake/cmake)
[9.098s] -- Found PythonInterp: /usr/bin/python3 (found suitable version "3.8.10", minimum required is "3") 
[9.111s] -- Using PYTHON_EXECUTABLE: /usr/bin/python3
[12.480s] -- Found rclcpp: 2.4.3 (/opt/ros/foxy/share/rclcpp/cmake)
[13.087s] -- Using all available rosidl_typesupport_c: rosidl_typesupport_fastrtps_c;rosidl_typesupport_introspection_c
[13.163s] -- Found rosidl_adapter: 1.3.1 (/opt/ros/foxy/share/rosidl_adapter/cmake)
[13.905s] -- Found OpenSSL: /usr/lib/aarch64-linux-gnu/libcrypto.so (found version "1.1.1f")  
[14.140s] -- Found FastRTPS: /opt/ros/foxy/include  
[14.886s] -- Using all available rosidl_typesupport_cpp: rosidl_typesupport_fastrtps_cpp;rosidl_typesupport_introspection_cpp
[15.547s] -- Found rmw_implementation_cmake: 1.0.4 (/opt/ros/foxy/share/rmw_implementation_cmake/cmake)
[15.565s] -- Using RMW implementation 'rmw_fastrtps_cpp' as default
[15.581s] -- Looking for pthread.h
[16.750s] -- Looking for pthread.h - found
[16.752s] -- Performing Test CMAKE_HAVE_LIBC_PTHREAD
[17.735s] -- Performing Test CMAKE_HAVE_LIBC_PTHREAD - Failed
[17.740s] -- Looking for pthread_create in pthreads
[18.475s] -- Looking for pthread_create in pthreads - not found
[18.486s] -- Looking for pthread_create in pthread
[19.626s] -- Looking for pthread_create in pthread - found
[19.641s] -- Found Threads: TRUE  
[22.314s] -- Found OpenCV: /usr (found version "4.2.0") 
[22.349s] -- Found cv_bridge: 3.0.7 (/opt/ros/foxy/share/cv_bridge/cmake)
[25.101s] -- Configuring done
[25.384s] -- Generating done
[25.404s] -- Build files have been written to: /home/mp4d/ros_camera/build/cam_sub
[25.598s] Invoked command in '/home/mp4d/ros_camera/build/cam_sub' returned '0': CMAKE_PREFIX_PATH=${CMAKE_PREFIX_PATH}:/opt/ros/foxy /usr/bin/cmake /home/mp4d/ros_camera/src/cam_sub -DCMAKE_INSTALL_PREFIX=/home/mp4d/ros_camera/install/cam_sub
[25.640s] Invoking command in '/home/mp4d/ros_camera/build/cam_sub': CMAKE_PREFIX_PATH=${CMAKE_PREFIX_PATH}:/opt/ros/foxy /usr/bin/cmake --build /home/mp4d/ros_camera/build/cam_sub -- -j4 -l4
[26.086s] [35m[1mScanning dependencies of target image_subscriber[0m
[27.291s] [ 50%] [32mBuilding CXX object CMakeFiles/image_subscriber.dir/src/image_subscriber.cpp.o[0m
[55.008s] In file included from [01m[K/home/mp4d/ros_camera/src/cam_sub/src/image_subscriber.cpp:9[m[K:
[55.009s] [01m[K/home/mp4d/ros_camera/src/cam_sub/src/reserved_mem.hpp:51:6:[m[K [01;35m[Kwarning: [m[Kextra ‘[01m[K;[m[K’ [[01;35m[K-Wpedantic[m[K]
[55.020s]    51 |     }[01;35m[K;[m[K
[55.022s]       |      [01;35m[K^[m[K
[55.024s]       |      [31m[K-[m[K
[55.025s] [01m[K/home/mp4d/ros_camera/src/cam_sub/src/reserved_mem.hpp:68:6:[m[K [01;35m[Kwarning: [m[Kextra ‘[01m[K;[m[K’ [[01;35m[K-Wpedantic[m[K]
[55.027s]    68 |     }[01;35m[K;[m[K
[55.028s]       |      [01;35m[K^[m[K
[55.030s]       |      [31m[K-[m[K
[111.982s] [100%] [32m[1mLinking CXX executable image_subscriber[0m
[128.358s] [100%] Built target image_subscriber
[128.473s] Invoked command in '/home/mp4d/ros_camera/build/cam_sub' returned '0': CMAKE_PREFIX_PATH=${CMAKE_PREFIX_PATH}:/opt/ros/foxy /usr/bin/cmake --build /home/mp4d/ros_camera/build/cam_sub -- -j4 -l4
[128.809s] Invoking command in '/home/mp4d/ros_camera/build/cam_sub': CMAKE_PREFIX_PATH=${CMAKE_PREFIX_PATH}:/opt/ros/foxy /usr/bin/cmake --install /home/mp4d/ros_camera/build/cam_sub
[128.928s] -- Install configuration: ""
[128.937s] -- Installing: /home/mp4d/ros_camera/install/cam_sub/lib/cam_sub/image_subscriber
[128.955s] -- Set runtime path of "/home/mp4d/ros_camera/install/cam_sub/lib/cam_sub/image_subscriber" to ""
[128.957s] -- Installing: /home/mp4d/ros_camera/install/cam_sub/share/ament_index/resource_index/package_run_dependencies/cam_sub
[128.959s] -- Installing: /home/mp4d/ros_camera/install/cam_sub/share/ament_index/resource_index/parent_prefix_path/cam_sub
[128.963s] -- Installing: /home/mp4d/ros_camera/install/cam_sub/share/cam_sub/environment/ament_prefix_path.sh
[128.966s] -- Installing: /home/mp4d/ros_camera/install/cam_sub/share/cam_sub/environment/ament_prefix_path.dsv
[128.980s] -- Installing: /home/mp4d/ros_camera/install/cam_sub/share/cam_sub/environment/path.sh
[128.983s] -- Installing: /home/mp4d/ros_camera/install/cam_sub/share/cam_sub/environment/path.dsv
[128.984s] -- Installing: /home/mp4d/ros_camera/install/cam_sub/share/cam_sub/local_setup.bash
[128.989s] -- Installing: /home/mp4d/ros_camera/install/cam_sub/share/cam_sub/local_setup.sh
[128.992s] -- Installing: /home/mp4d/ros_camera/install/cam_sub/share/cam_sub/local_setup.zsh
[128.993s] -- Installing: /home/mp4d/ros_camera/install/cam_sub/share/cam_sub/local_setup.dsv
[128.996s] -- Installing: /home/mp4d/ros_camera/install/cam_sub/share/cam_sub/package.dsv
[128.998s] -- Installing: /home/mp4d/ros_camera/install/cam_sub/share/ament_index/resource_index/packages/cam_sub
[129.022s] -- Installing: /home/mp4d/ros_camera/install/cam_sub/share/cam_sub/cmake/cam_subConfig.cmake
[129.027s] -- Installing: /home/mp4d/ros_camera/install/cam_sub/share/cam_sub/cmake/cam_subConfig-version.cmake
[129.034s] -- Installing: /home/mp4d/ros_camera/install/cam_sub/share/cam_sub/package.xml
[129.043s] Invoked command in '/home/mp4d/ros_camera/build/cam_sub' returned '0': CMAKE_PREFIX_PATH=${CMAKE_PREFIX_PATH}:/opt/ros/foxy /usr/bin/cmake --install /home/mp4d/ros_camera/build/cam_sub
